1.0,0.6153272882558501,-1.4836320851398108,1.7957176221243467,2.109577679227882,0.4137481989471424
1.0,0.1770800058116088,0.051142999895850624,-0.7835816562916236,-0.6411246538012902,-0.07622586695738949
0.0,-1.2719018279499796,2.133711872377328,-1.3910713462719988,0.27639373936621864,0.5451940320878448
1.0,-1.043596056806698,2.6036603493036083,0.3792543005779494,0.8274954625493204,2.530537844782955
1.0,0.6604034499070138,-0.39815103722173045,0.017668871727707584,0.047069064435685246,0.12006526616239999
1.0,-0.5342041582720288,0.8173124003854308,1.8098199452236163,2.1370870989170134,-0.21023621408933116
2.0,-1.287175468025299,2.4925846877683457,-0.7290327980022975,-0.35648410992239704,1.4463444538231267
1.0,1.2473610316006554,0.1424389209173138,0.7341095950562669,0.4732561414099699,-0.06704664404815418
1.0,-0.361804594728214,0.18478385564538694,-1.5005993421379908,1.035055189229905,-0.7625893279968496
0.0,1.056802523161665,0.3475369023654921,-1.5024835272023984,-0.8018173920293566,-0.7903028608814835
0.0,-0.014058326952398644,0.5954600914429956,-0.0018914814869483844,-1.2029454192442515,-0.47171357809682685
1.0,1.2104355714421433,0.20705166076918508,-0.30657887912604714,-0.32049091062412577,-0.19534489799604612
0.0,1.9694034798498758,0.10960685664756985,1.515967729547149,1.2652810008305602,0.6834854639664213
2.0,0.21379671188315677,-0.7304401364296141,0.8610843414159435,1.2869071502833784,0.13857539744835196
2.0,0.8482255710827341,-0.24654313778923134,-0.5049863159630279,-0.8692781626077908,-0.28836218530299046
0.0,-0.2898012343787623,-1.0807833584643882,-1.3014342346254122,0.9944353744877682,0.33032233733858946
1.0,0.38704516165600994,-0.6800268554489288,-1.653203816667777,0.02978948144214558,0.04516438562266185
1.0,0.8943099418392584,0.6383458338874757,0.44661347262143397,-0.034582271392136425,-0.602027400103277
2.0,-1.1609073564591588,1.8340151971224905,-1.783988393993189,-0.45498584993825875,1.5975424611972129
2.0,-0.4161153874839983,1.4882031478738345,1.60681763553154,1.2687770871437467,0.29196185293084975
0.0,2.4250795054554617,1.0169045062331268,0.7503229749618651,0.0546005346231538,0.14123720493519562
0.0,0.5722690977512965,0.682794968483795,1.8388911889587518,-0.7896387594696026,-0.46087592823937157
0.0,0.5459944775218226,0.2986673684019778,-0.9457087181696112,-0.5620070107650703,0.5244828424170984
2.0,0.07387393009303929,1.4235850760267938,-1.9444456243199983,0.49789842422787,0.058319701058623295
2.0,-3.293643372643163,0.8831781337168693,-0.33705563296805624,-0.736569909831573,0.18551832691838174
0.0,-1.213535173425749,-0.9038654403921448,-0.5382466146224058,-0.7698478057619725,-0.4178710646769042
2.0,-1.1298641484284606,2.7591329049891313,-1.7307300989326175,-1.4049886543875465,-0.205650869369666
0.0,0.9089299859718183,0.7980836842797222,0.3124867188556369,1.6562854388057657,1.4414680354158849
1.0,1.6507460803693303,0.22599894669016055,-0.46840653542766897,0.06404454662558964,-0.08473250260597621
2.0,-0.24646455537003148,-1.3197901465758595,1.2979898731983857,0.7292713646258513,0.5858712922468969
1.0,-0.3575589617653137,0.785862130064808,-0.5332088272510371,0.6093519096192839,-0.12717599011229022
0.0,0.06329227517485929,0.008057973904830325,0.5951839922077348,-0.44413618958448164,-0.8267180222608675
0.0,0.07094063984979306,-0.10344921457840044,0.37991106666798197,-0.9583433356112497,-0.7449825127771829
2.0,0.8361954354936462,-0.060116298164938284,0.027856588367332798,-0.8617285242012922,-0.833356649268685
2.0,-0.1487233971700317,1.420263001562256,2.2013509094609747,3.4038777734663617,-0.8127609180984052
2.0,-0.7625633986685599,0.9350587418630064,1.214990127598227,0.44344351729639403,2.1716734700371068
1.0,1.1868257329928125,0.4177855523562655,-0.4364466498619507,-0.38732104573598863,-0.8036822360398902
0.0,-0.3382138742850646,0.3025214983912917,-0.10249877211877076,-1.0446557702229669,1.7617667684173417
0.0,-1.4626066480113453,-0.8927868544074962,-3.3463946412268677,-0.4449187487697557,0.4025436175793548
2.0,0.5314242354194257,0.25332838806729113,-0.9006280924815598,-1.4850162481215643,-0.4404957353869213
0.0,0.7088529764305554,0.27973112161213626,1.6750949212317296,-0.5162783790447562,-0.6198364954110801
1.0,0.5208731482692506,-0.4272796191945865,-0.7319712409287481,-1.1069474785639772,0.23092549172449459
2.0,-0.20996353367132706,0.11850340454468915,0.5153089911845267,0.1980928506561668,3.391084800623141
1.0,-0.22400717952699045,-0.666504907723465,0.0871475634384174,0.7297209274752116,-0.21440931937389596
0.0,0.6229076674847638,0.11124135105303323,1.006752582961287,0.3327656790471947,-0.8845944469426327
0.0,-1.1095903188690783,-1.786743938796877,-1.3672828899247498,0.13893630308694152,1.3108813785264288
0.0,-0.9972547590569469,0.1165480863479972,-1.5411813486223853,0.44410186499652893,-0.82877903703021
2.0,0.15466968479920626,0.7991640708644201,-0.9624176406452941,-1.616459226319977,-0.36907785965906076
1.0,-0.6724888913046875,-0.5024657810628719,-1.6609939848621942,1.392205283024586,-0.37978643271162266
2.0,0.21287556926283188,-0.29862291445886924,-0.05600064767664455,0.6153802525851808,0.4479448193401631
2.0,-0.23374691252535423,-1.089136834650121,-1.0266538137339427,-0.8932446505265643,-0.04322202789192547
2.0,-1.2473989151150102,-0.2806299713221527,-0.1174789318482622,-0.8568558343922434,1.303020781029486
0.0,0.7485589132713467,0.2088857043437863,-0.333740846335351,0.26380651750233375,-0.25074645880740065
2.0,0.4873009365468918,1.2305874456379327,-0.342855705775491,0.9015228194906936,-1.035036485303064
2.0,0.6041262784267795,0.374804122552337,-0.541424020766933,0.8338759586963934,-0.16646694137141757
0.0,0.886005275198698,0.751816926888086,0.2990743029456044,0.5464053991265567,1.993378665095689
1.0,-0.4096498850367552,-1.8967423168260626,-0.8308643635919212,0.35140550070235044,0.7072261530783006
1.0,-0.08790576191186208,-1.1553712985755717,0.12103997026430903,-0.36892464134209924,0.14158531309864283
0.0,-0.6714177023779502,1.812507299319299,-0.266683474675162,-1.0545720236354814,0.2268788240094402
0.0,1.8778082920244084,-0.5482870116674141,0.6740109650677061,-0.9721939265256937,0.7518474232503669
1.0,0.05300485450302254,-0.2942007908306885,-0.4461676990746401,-1.3608602809408656,-0.19888555753872206
0.0,0.5358253815076665,0.3076059767389057,-0.7435742524935638,0.6805098636861118,-0.336412118782989
1.0,-1.7687594931225727,-0.19143534226119768,0.00033422074804965394,-0.07462620359512107,-0.35424204116578606
2.0,-0.47395354646562954,-0.1609665788494055,0.9538649708608129,0.411660559990821,2.5319784599121498
1.0,-0.052246654422855955,0.8787047909457146,-0.46067787745075806,0.5025502068925561,-0.4658264886433383
1.0,-0.2029116595889631,-0.17665097078465283,0.675904424291208,-1.8797214572646315,-1.0765792493044788
2.0,-1.852280579106784,0.014371256405091811,0.6548193901750317,-0.4511249586063457,0.15616079480159284
1.0,-0.4520993192761658,-0.19077176989950806,0.6436383965319501,-1.248622029545915,-0.22474696792793142
2.0,2.971667225244579,0.47834076280757964,0.1177012819850424,-0.22997877396609315,0.27376516900165554
1.0,-0.4750047938530214,-0.2521815655801505,0.9092408051845534,0.1431330695222731,-0.013846072140403145
