2.0,-1.0021398294148423,0.9777279832438553,-0.29496109273228205,-0.7197148402661603,-1.5826528674156157
1.0,0.03623200152492066,-0.765893536471373,1.4748609590175568,-0.3139596540736546,0.17525940170791468
0.0,0.800443296510792,-0.6984281404565355,-0.44732437239748873,0.9760321194269074,0.13017248433520032
1.0,0.2111983959797112,0.9906127539793567,-1.0694092155937789,0.0877278233553002,-0.8531481680973914
0.0,0.07210229757935159,-0.7000219308139953,0.5093772377862208,0.28181905703949733,-0.21125301680327455
0.0,0.7379057843878762,-0.5704973263799854,-0.554924366155855,-0.4815364468458805,0.3568439623502312
1.0,-0.13935155870772029,-1.5219141385691721,-0.04362444066953082,0.3456351318898304,0.24450311546744288
2.0,0.34529119488039633,1.710526800410604,-1.6969638775628892,0.43171467030642935,-1.0084104404637473
1.0,-0.49167668648973345,0.6846970672303452,-0.43064747575744533,1.0008467217768238,-0.7338643586640539
1.0,-0.008973199744999537,-0.37730738510305956,-0.5255983771677459,-0.2081886810317963,-0.6875563155082325
0.0,-0.5531643692323028,0.7329794002493257,1.3586428158473927,-1.0791821851493715,-0.7918314363251238
0.0,-0.7116837698465275,-0.9679590135928218,-0.7850017649310069,-0.10995669431886364,-0.3493428518329971
1.0,0.5179341574912483,0.6290585791512919,-0.7636169850761126,-0.2760778209646196,-1.0586774382341113
0.0,0.47625341901029755,1.0223762745519023,-0.3317666128850051,-0.21329384688804157,-1.0914558400452474
2.0,-3.431137409581818,-1.0224372690485437,-1.2183142213022582,-0.3674595148902768,2.8914303656995513
2.0,1.1128297111274716,0.2838347151338437,1.215128328049768,1.4089202603618338,1.184783005098573
2.0,-0.2676473424998154,0.12047450841081128,1.8425741401046578,1.9163746494731462,-0.925463501490068
0.0,0.7462634267378667,-0.23901491942713518,0.025843124661365933,-1.3284768211018863,-0.5341649630138255
2.0,0.8142322383619286,-0.8345606768311651,-0.1932028215334883,-0.768920607511337,-0.7428366578294828
2.0,-0.23980294448111988,-0.5005174311896181,1.0280208782370988,-1.209899642544318,0.9093089086668642
0.0,-0.38573858722596416,0.9707576781229104,0.7776432945223914,0.2446845092937916,-0.0971313478478362
2.0,-1.0354832510074443,1.408981862817858,-3.1980607830245646,-0.21366159165032012,0.4506934940446358
1.0,-0.9055087534867048,2.368692342415861,-1.7015357933718553,0.08388032721505802,-1.193281297852499
2.0,0.15071746935861607,0.19936885105862104,-1.9897089886803392,-0.7548105580545216,0.5031689439342192
2.0,-1.040836415939619,-1.0354962255680562,0.12805316924848645,-0.35773836754456384,0.6870883248696217
1.0,0.9331832655458897,-0.6032238523391756,-0.002029831334201548,-0.8206525560263415,-0.19485758654544813
1.0,0.4926595938057631,-1.0117124453925086,-1.3565573754851568,0.19405056742808335,0.042311387185281546
1.0,-0.4093165179378326,-0.2400226114372898,-0.15700995045150382,1.2294052186582989,-0.24145101550386275
0.0,0.6031358664439517,-0.27262937908037627,0.16679544972094792,3.1530029496097964,-0.22715466040524646
2.0,1.544903314518475,-0.15663245790151015,-0.45285071275282873,-0.49323674926676636,0.5339807045709066
1.0,0.08246879517454021,-0.2208102026599654,-1.5556489576512955,0.41868781522369947,-0.3802158088141515
2.0,-0.30608313589670894,0.000179074162907233,0.30093237039751286,0.5033022696060928,-0.678221214458601
0.0,-1.8186359372651133,-1.0977532881531828,-1.1649372090254486,0.447611176892581,0.6822933440777708
1.0,1.1169952643829764,0.46078881506915653,0.15611145445704092,-0.7557328360936605,-0.6852425807978935
2.0,-2.0821298823749923,0.13466932513493435,0.21839233143628856,1.7971004266815636,0.494189500578262
0.0,0.6710981459580372,-0.3203460749027396,-0.29815133252641624,0.6559494761410875,-0.31750901892049077
0.0,-1.0835397064435575,-0.16410755352636647,0.47103395123980896,1.359259619103343,-0.617996969863369
1.0,-0.2147675005743746,-0.6594188372500908,-0.12347188429644007,0.6900648911548628,0.002119064237897483
2.0,-3.44321124345908,2.323280044795472,0.5843201925976654,-1.3277583320117625,3.221222895392869
1.0,0.9344670044802396,-0.21384403512480255,0.5816900623524676,0.46229713263628675,-0.1904886614159732
2.0,-0.6288517086203443,-0.6482003511784961,1.7360662586430535,1.0480531336392565,-0.5062738561883561
0.0,-1.1250271441911979,2.121701736951679,2.789010261287244,-1.9513584630143461,-1.152022247370448
0.0,-1.3224496428934922,-0.14144020895373652,0.5209872128416708,-0.23653755857178774,-0.9493546348899643
2.0,-0.32704259192578927,-0.8779466057482419,0.16089542199072998,-1.0171954942026566,-0.33117072708923695
1.0,-0.6764767632861781,-2.7431125415335327,-0.49785936660490304,1.0314350775788723,0.7096343874065117
2.0,-1.2323631170182643,0.04414104648341908,-0.559664399526126,1.1173177255188143,-1.014098421069555
0.0,-0.11382860298382019,-0.0890869347218018,1.6174643479766482,-0.21708508611369026,-0.34526970481775315
0.0,-0.6606217511637105,0.16402196261851296,1.2154135258094267,-0.5918079307779993,-0.881003347101025
2.0,-1.5475734387519857,2.0174155839286345,1.3606509256118247,-1.3810281129302941,3.5126764468143787
2.0,-0.1897326190162822,0.49453448046043064,1.3406759334515357,-0.0724348215342206,-0.20377333031580658
0.0,-0.26580752389312645,0.09582134284128377,0.8423263807548741,0.7388245983543034,-0.9420096977169272
1.0,1.3063530297245085,0.6117964133696665,0.701633506594726,-0.04946404184347877,-0.3306474848593495
1.0,2.265817026040284,1.4046897615558978,-0.18191437078223083,0.904728548132216,-0.2022105974486263
1.0,-0.005146984824472075,0.11840098464537378,-0.2963285938650887,1.1764358106718869,1.6895360337436423
2.0,-1.475315367488744,0.8529438240098961,0.6841886609286288,0.11642664006631194,-0.4887567770116449
1.0,0.09012800826294116,0.19188385589261203,-0.29338196938105,-0.3576686166620633,-0.5833383176087509
2.0,1.2388828650517898,0.02764466813555432,1.1474110284250187,1.2291933844160794,-0.5413647776285048
1.0,1.1680409769955102,1.0220886690715736,0.8028476270611888,-0.3844619534875785,-1.0986472250881734
2.0,-2.1448525263050917,-0.24878331816677385,-1.4554384064815182,-1.3562981063900548,3.419244773739685
2.0,-0.6282114246514727,-0.073187366267576,0.03257309294167438,1.1665178856592537,-0.222209675435136
1.0,0.6354013740885426,0.6188977462620826,0.32871380184085813,-0.8878805379448452,-1.0942736281579686
0.0,-0.21663044460459752,-0.650874511382686,-2.147510542197761,-1.6078263763310643,-0.7192316417525757
0.0,0.4282492005230114,0.4589759386381824,0.4121182426900717,-0.03100589035467842,-0.9622940123959849
0.0,0.10298691560761997,-0.9276434118091567,1.3166261316256103,-0.20428142936042182,-0.9189744125930959
0.0,0.1661869527684723,-0.0973023222231234,-0.8836778300035278,-0.43268907167068676,-0.34309912831762107
1.0,-2.028602158657119,-0.2086917164109725,-1.4437810129224384,0.4268649912045539,1.1603632029530693
1.0,-0.5571639374707077,-1.0388447461416168,-1.3574259141507599,0.17394178002055066,-0.036580655158116704
0.0,0.8792607996981374,0.9155905433920615,0.04911886714432572,0.6287527482871685,0.08070704700522516
1.0,0.5203486888074479,-0.7534359026440868,-0.8608909898643773,-0.09290145001768291,-0.3893720031082668
0.0,0.22014145920630626,0.15094793197182227,0.8102281636865353,-1.8681201832034355,-0.21948209461035803
0.0,0.7339855257839645,-0.4858963007519077,0.9094732932451114,-0.22992677360350813,0.038325064854327226
2.0,1.9566488925247507,-0.008591579667957308,1.7226647043092296,-1.2809114925371277,0.5748494803816191
