0.0,0.7408656723253305,-0.19002108073445154,0.13448528284258413,0.24794185227846027,-0.22321304958922822
0.0,-0.9452389905454465,0.8266198099647537,0.532362740315123,0.3520605704986553,-0.6074507234403242
1.0,-0.800437067885826,-0.46734488534418994,0.42086149353420893,-0.3259990044508981,-0.04220404186748361
2.0,-1.3732071074974646,0.8345060590006129,0.3423686688998113,2.5476228222676323,1.737376259675051
1.0,-1.2029046597498136,-1.2803664408602218,0.9049652814528019,2.5800470585059774,0.21741238126117945
1.0,-1.2792737492908735,1.6650014390313446,-2.7443290214498286,-1.7046378254505443,0.47766213427857473
0.0,0.7709321888190527,0.8401639890053247,-1.3955895273409766,-0.41709907156388787,-1.4407851946942798
1.0,1.4392600693969715,-1.052304520986283,-0.24534071618586817,1.1455590483276648,0.3194623597471617
2.0,-0.7740256486439024,-0.6427622371676418,-1.6279725189188496,0.46466116916968064,-0.6832023358166913
0.0,1.7748589878109453,0.6785174387794825,1.9754271666247032,0.9480212788411964,-0.12178326994234044
0.0,1.5150647244516144,-0.15787356732378294,1.1604801240845544,-1.560859325118443,-0.09699307766275095
2.0,-0.020580245790595184,-0.7294369543415731,0.17902522046810473,0.6108014917380242,-0.7618436723043656
0.0,0.683566724346649,-0.8305875838930851,0.30218242962763225,0.05817049664529108,0.1194358036033912
1.0,-0.4893483529092412,0.5127419132851273,0.919029713672994,0.023278929145861542,-1.1741758833760072
2.0,0.46201593060743107,-0.5237847816699659,-0.24530507005493535,0.8374104874250532,2.551528708190521
2.0,0.3590422246545415,-0.5261376002521259,-0.5732101382495177,1.9086115185305657,0.016174117577871017
1.0,-1.836637126386781,-0.2809362757905845,0.3854297000873131,-0.3138850465960133,-0.9051053282613145
1.0,-0.4064323973165255,-1.2732037527814952,-0.5372975884210947,-0.4426972013336874,-0.48814614987069294
0.0,0.7929815743281855,0.03304433599762792,0.1960126921595703,-1.0150054120303063,1.6137634023224114
0.0,-0.11414286434719813,-0.1420258107760039,1.486385998770264,0.6912381770724503,-0.36441858082963596
2.0,0.13237860384391606,0.1916747859922419,-1.2396333394230987,2.8224562738387844,2.8631221620835783
1.0,-0.9128123620427365,0.29685277847375374,-0.4836266421611259,-0.9221208231569867,0.3147339512357064
1.0,1.802834458840911,0.8901810015825617,0.7826374534633428,0.45408163816338515,1.0379062317122092
2.0,-1.1699164861194649,0.7820624311979875,1.012933362959118,-1.0948581174436582,1.936437280422962
2.0,-0.3227590026184448,0.8327381889060761,0.7096984763482547,1.9171002467128366,-1.150841515561837
2.0,0.6135731417309088,0.16879983984197003,-1.0932581705116955,-1.2720330250302279,-0.867856435696112
1.0,2.288803691398052,-0.8732361661599259,0.27498609704948396,0.7088994617029225,0.08447139877862621
0.0,-0.7831416172042749,0.16682640178675665,1.2778836274795833,-0.6223642074437127,0.6452872163765211
2.0,0.8134814338794998,-0.2542052623851495,1.0501475481834741,-0.9760337257996763,0.26847656062962166
1.0,-0.38036147724393393,-0.38297823388887225,0.7048369629074263,1.373466342382404,-0.1265196468416162
2.0,-0.37681870972638765,1.326927537444467,1.5551135865693164,1.131635525616557,0.8890079131737517
0.0,-1.0794477723958156,-0.6930917889653668,-0.5176791222047661,0.34084255398965413,-0.2913061858197328
1.0,0.21954119740154093,-0.6024342615834881,-1.867520505677108,0.8269792225670874,0.9296327530180973
1.0,-1.852869543602176,3.170393746081923,0.7331076035921823,0.49540920990085513,6.973498147876226
0.0,0.9380257861088699,0.39780411182736425,1.3476724448634696,-0.6313129644786074,-0.4974801435536414
0.0,0.3476676408780235,0.6337314007584862,-1.4378730820671026,-0.5802138608539311,-0.7608503860103998
2.0,0.7393640200323421,0.8600993402713132,0.09036565073138622,-0.4344229964504081,-1.1053945892628323
2.0,0.003666221831221658,0.02326293183892775,-0.8882490221188089,0.4262549014342013,-0.8292634085743086
1.0,0.4251038857574383,-0.8960926644090081,-0.005427714726897909,0.4574486756493625,0.5888440584812569
2.0,0.9438506225804597,1.2704501830052204,-1.8617503458931635,-0.2013467514262761,0.5860734645708195
0.0,-1.3188103120911703,-0.7795439178303312,0.056160388359436604,-0.28309400358922837,-0.44245813155701835
0.0,1.6859444661748562,-0.5838099288785106,0.2114662203689102,1.5167788306332486,0.2838379169090028
2.0,-0.3203158745275747,-0.5980742914044684,-0.3253707683634813,-0.3888634934855356,-1.0072684820541074
1.0,0.3475006453772882,-0.6306335581186651,-0.5768110486862041,-0.003653587010945118,-0.24059658346397494
1.0,0.027487053585050384,0.1513267071333821,0.20897104515812462,0.5434290659125526,0.6822126284530189
0.0,-0.28985448722067425,-0.24079328017018098,-0.9970981245659402,0.24611023144786726,-1.0991436482287147
1.0,0.22227993439063276,-0.48982078285579445,-1.4990112133284557,-0.12635549014863917,-0.4949214868057935
2.0,0.7994399507998409,0.3656295508416592,1.0300286517608042,-1.0071021622030187,-0.08048829389231911
2.0,-0.2525190995300948,-0.011923562761511936,-0.06051306763613412,1.1917473595987205,0.32529594081431634
0.0,-0.05240242181665319,-0.10352324593558493,-0.16639097682014276,-0.0025735040029490766,-0.07530544626813926
1.0,-1.46309402707442,-0.45278299239410263,2.3477451940505576,-0.8992196145200598,-0.24411058190888263
1.0,0.1757690841850046,0.46084789777190416,-0.46283500991320425,-0.47127829573394964,-1.2535885523818218
1.0,-0.11112901942006398,-1.4434676241003381,-1.6211108495339899,0.16544590133155704,-0.5141386157546658
2.0,0.8296791328527353,0.578751663229155,-0.5138870435861395,-0.09222388608237493,0.9141098684150135
2.0,-0.7886005906602385,-0.9678085628469569,-1.452006882307138,-1.3428258477938524,0.6320927919230752
2.0,-0.9391896499228574,0.11743064514980665,0.1431402273652233,0.888223769366401,0.46515481092969796
1.0,1.589713144259357,0.3277483193983182,-0.20315322305886171,-0.020902079725679434,-0.6802149317205802
2.0,-0.2278933747698864,-0.5283722668305086,1.013198221518998,1.3703446687789806,0.44419762818956815
2.0,2.563113951627569,0.6406650771051463,-0.5860615978102345,-0.4066928687230309,0.1734364517025183
1.0,0.04467703356325392,1.094750546655718,0.17734828024669103,-0.41193879443461723,-0.4469862913667736
0.0,-0.6845006386777369,-0.2794855177839965,0.10397221927214154,0.4271307242218814,-0.685744935446187
0.0,0.28783954739899054,-1.087406536507171,1.0417942903906714,-0.9929708791872105,-0.03838614858439016
0.0,-0.48710615497427057,1.6952249565911586,0.29726645445298727,0.006797302588719188,0.06381236237741887
0.0,-0.05503216007575275,-1.6477443479338356,1.0956797292606686,1.226841722014196,-0.03197788116763149
2.0,-0.9509031805523213,1.5757988640167584,-0.29216967159340723,-0.7121839301257374,0.7400508243206741
1.0,-0.3312280040928534,-0.7175153531040342,-0.9595268943182655,1.1489910872573859,0.5557897165962865
0.0,0.01778653398480792,-0.24717316598688246,1.0281556135746635,-0.6702100069451777,-0.8619230038459446
1.0,0.6488031475650446,-1.9848569336582769,0.9071105908991886,-1.4734779075026205,0.6835526194677629
0.0,1.0252934586016298,0.6023240952390536,-0.30596514701011535,0.10021155090873528,-0.20736835885597057
0.0,0.07776859835442683,0.8399512661162156,0.8800919242265053,1.374752665135914,1.6413720868463852
