2.0,-1.1372664112296642,-0.18794417161376004,0.09205850709652377,-1.5336991623622698,-0.7580356316874064
2.0,-1.0699492266998882,0.43331344740206557,-0.6822046986426836,-0.7515256875488932,0.790016593965201
2.0,0.5462644209716834,2.0026535807479666,2.317219652025228,-1.0183733946651168,1.165172382528719
0.0,-0.36555179892319,-1.136103336159975,-0.02777827412012943,-0.6957105170741273,-0.06397618277092527
0.0,1.226529642318721,-0.8749349152291476,1.1300880482191755,1.232054022062464,-0.028490618247632236
2.0,0.4118831218022507,2.194008633361932,-1.4470270737223847,-1.563353104362768,1.8543343391928055
1.0,0.8612775861736002,-0.5927676321745897,1.0072150602669387,0.20482933180531274,0.05321485847653375
1.0,-1.02012410562101,-0.015639661314901427,-1.2768207091499382,0.16826158587873757,1.127656028966246
2.0,-1.4808952971901899,-0.673260658062834,-0.9068829310912572,0.6767275464495169,0.1002912174702672
0.0,-1.872963188392878,0.04344588467045902,0.16046015761418364,-0.011305278588411839,2.268793930503874
1.0,0.357470136756372,1.2319028861977384,-0.7289725657384093,0.14428528294822796,-0.6496236041061257
2.0,0.48688074708730733,-0.008522134790263765,-1.2647253882093468,-0.16754940658689885,0.22277082404674517
0.0,0.32639494845737005,-0.9559259863092423,-1.4042355191787956,0.5844371569673659,-0.14222711433044688
0.0,-0.040916602125548616,-2.4868209118713374,-0.42906586139525893,-0.5463256261516568,0.7546047421866944
1.0,-1.5708614507595213,-1.325402031213298,-1.4022027085970639,0.42036542839451224,-0.8248576761430297
2.0,-0.11060282898761875,-0.6974446637170865,0.06508916372096445,1.0099010725227417,0.5207919471557982
2.0,-0.8144872992236721,-0.3507182408013815,-2.2359992488290343,0.845833772918822,0.27355186020521177
1.0,0.33497657187092794,0.09784806068827721,0.5512210105528487,0.11286615002874772,-0.09059231513107867
2.0,-1.2455304341148523,0.3404938419029484,0.015550341304077918,0.4134992418931453,0.38323685122580203
0.0,-0.027235340691737192,-1.4597498609822286,0.5947120935050382,-1.0604057456150005,0.547202878814452
1.0,0.26879057207496426,-1.7282662150057444,0.7503181826747303,-1.1065716313095872,0.5233559244929452
2.0,-0.7590065918603389,-1.6953941667056758,-2.0151671491437013,0.6625105540380942,1.085545409899862
1.0,-2.3859812603161354,-0.021231050765262615,0.7613613859715147,-0.19165785673994631,-0.3589146090591986
2.0,-0.22401810729555274,0.42416482412005574,0.06260594979188706,-0.6201399754233063,-0.8807236896494108
2.0,-0.4126423703596031,1.4413332609269642,-0.673269736879573,0.32350614171146513,1.4243151606124438
0.0,0.3815332664419798,-2.053750190589938,-0.5527157219871646,0.44592264901928763,0.4888690327175917
1.0,-0.5347860599879993,-1.2507212000209496,0.011362365910340766,0.6779512321293815,-0.33269540155976685
2.0,0.9816189802810298,1.0928669638488022,-0.7680870594646239,1.2845070108709402,0.027010541602868844
0.0,-0.2186723920536858,-0.317377871890098,-1.6267895542569708,0.8588299905083101,0.8358232997153057
2.0,-2.134539811939234,2.0326627794118215,1.4048335062326502,-2.461076981471196,-1.7165181541032644
0.0,1.6089981374410525,-0.0525538668449373,-0.9043475379562032,0.3231925849394895,0.2653287326738375
2.0,1.8808591226853173,1.353726256267029,-0.5446368885130688,-0.2667886180616879,-0.32227573968599593
1.0,-0.277632889550586,-0.26044012535133665,1.6382806904472211,1.7696481122045635,-0.10193909417050584
0.0,-0.9579151098401603,-1.0714158713683424,1.505185915759922,0.6234279948345083,0.3482022481600855
1.0,-0.16384051647676529,-2.3326109632780176,-0.7346963268056699,-0.6281634918083124,0.5430098464695858
0.0,0.32434659901908264,-0.9387505973011601,0.0609680657564413,-1.8372058466520012,0.3854464732276259
0.0,0.30650385667410956,-0.9496961258138987,0.8148363356475515,-0.8283933622615383,-0.9703274535998638
0.0,-0.5135438230991873,0.9243086180311679,0.5985841154438227,0.5716951093177416,1.5657223782811536
2.0,-1.173343694867203,0.2669599970388033,-1.077204328428968,-0.7105368055024464,-0.12620668053302433
2.0,0.5466029439006229,0.11893917177962234,-2.0162838635604547,1.387214810163338,0.5305113238673757
0.0,0.46202883855090904,-0.8919914228670602,-1.373696224243311,0.5380804400745218,-0.5583124286654394
1.0,0.5479049821905666,1.1881473586436802,-1.278441757659298,-0.019596968790533326,1.1431504516842843
2.0,-0.22833512431476558,-0.18452493497479774,-0.019241800950227435,0.3230959188632699,0.7203736180620425
1.0,-1.1188758793278115,0.283149782942952,-0.27833512803430316,-0.01364202817190059,-0.5366971179640831
0.0,0.03357437183053837,0.47498430904573974,-0.031078041940507523,-1.9569782662400705,-0.18062037153440516
1.0,0.7979772803391876,0.30993445244857587,-0.6036838582012412,-0.07832904750256664,-0.2406447106886076
1.0,-0.02584903069454916,-0.3556314852471312,1.405887778233862,0.36356298458452746,0.5366597260899105
0.0,-0.49773519268046934,-0.46099341181707293,-0.09579299640770371,-0.45617715996075875,0.295060403198973
2.0,-1.6686597131854206,-0.09428770712800996,1.1716334383821014,0.37488522156216036,-0.31406274346776075
0.0,0.10581570143374255,0.47030317620671525,0.6597142190038318,-0.63866857131442,1.1713516114322262
1.0,-0.13025900272453833,-1.1601731614976263,0.6580504191877017,0.13487557590222662,1.4546771393259463
1.0,0.6252231740754314,-1.0619538179322674,0.813939088140749,0.7371471693360168,-0.005785426681200177
0.0,2.3999860586059287,0.9341784746779564,-0.4326354035994414,0.40603737125387873,-0.21209640830752546
2.0,0.05003123773518332,1.165394095013197,0.08893186338273729,0.9308594736123609,-1.3044513003706275
1.0,-0.6142281296481228,1.2347528457861887,0.13954471391576737,-0.031209447506122947,1.0737222169731648
2.0,-0.9900761187622162,0.09522493036381462,0.44668194939993555,1.3457965438555022,0.7989956005192977
1.0,0.41914852825152465,0.5806304628705883,0.20543531979105017,0.25627032612541517,-1.0379171490509416
1.0,-1.513183844443775,-1.9714411303741974,0.452020443353669,-0.5947800786862933,-0.3805250716025791
1.0,0.8970503460627737,-1.6155931727837802,-0.1381459188709601,-0.3395585391251189,0.3004334346028629
2.0,-0.20936977951257546,1.248894368506529,-0.2341265147216861,0.5931969662713927,-1.1460748379866899
0.0,0.15876421360468382,-5.8274376503881245e-05,-0.41424249985354744,1.4614919638502686,-0.11877949419449921
1.0,-0.3693424818130727,0.15550504608689025,-1.0582822167072572,1.0348249436802455,-0.481657374965882
1.0,-0.8969788987768772,-0.05295561161666383,0.43758804229520976,-0.9728363849595545,-1.1235952009048127
1.0,-2.704877879253137,-1.665328210469983,1.5335666210235286,-1.00410777881354,-0.092004646435578
0.0,0.20375122460737277,-0.5348086168455193,0.11104019638109355,-0.6515320507065953,-0.338264845485239
0.0,-0.2227293076564801,1.5829386072492753,0.3400900983336904,0.3869749674262148,1.034071699396828
2.0,0.1922734333477815,2.483079449864375,0.9784160263235617,1.2915309759402804,0.0405636148675427
0.0,1.6324176118908562,0.9542698917604676,-0.27239618958779227,0.13372912781986676,1.9596421449659949
0.0,0.6371559213936767,0.15824150381018157,-0.6829528789423345,-1.4035606005600416,-0.7471300017738683
1.0,0.6066496070002204,-0.6345419567397798,0.4132545378909647,-0.1947282032287209,-0.040505282477039994
2.0,1.0154735284176892,0.8185527393694242,0.6948104576068878,-1.0443593829921332,-0.9184625242549112
