1.0,-3.068714760784765,-2.611598614807455,0.6101778790477248,-1.5181780558059506,-0.16266863719025496
2.0,0.8629884674206564,0.8716592417135207,0.9949377776438587,1.928967286601533,1.045750741784586
2.0,-0.600601449310671,-0.49899742085930804,0.36671538128115705,1.4846221076807213,-0.8633142814867949
0.0,-0.5496822160665269,-0.7844778125409356,1.4454868183194427,-0.12254674292084473,-0.7605559414047692
0.0,1.5921232426454455,0.20811156753274582,0.2434042773070096,0.3762818910954154,0.26661936334808534
1.0,-0.36209300628233987,-1.1650892394204833,-0.296947563592996,-0.5720899758947146,-0.49990048759768607
1.0,-1.8028491901160288,0.4508278606921735,-0.3859026040222422,0.02768145647884351,-1.1503267046050387
0.0,0.507382739380034,-0.4019540169082335,0.6174936236840018,1.3644641922332912,-0.028660921182306984
2.0,0.7093074015780374,-0.6822652060446924,-1.9536730385204444,-0.7809568546774954,0.11844113850441017
0.0,1.0757827293037905,0.49792439650494835,-1.2416188579064857,-0.028251321530215295,-0.22719295557785874
1.0,-1.5700278592526358,3.364261519412983,-1.5198794660908164,0.2804347435924545,-1.021650903603552
2.0,-1.3880617550184384,-1.8962098278264856,-0.5904636383006963,-0.1994428883629413,0.43713237244356035
0.0,1.6182738965168206,0.12138962997503282,0.10654858404259171,-0.7681180278504806,-0.41056281341739914
0.0,0.0863569762921563,-0.5991550718122098,-1.2556273846855102,0.43450459336752084,-0.4776766128456731
1.0,-1.9067843923848118,-1.516881959315433,-1.4049858165412485,0.11720406900690207,-0.31523755658942465
2.0,-0.36569290529166876,-0.9708477783619247,0.7788989894589947,3.0026796078586417,0.7176693848763568
2.0,-0.10741103389848126,-0.6419617632469958,0.2337250529280579,-0.5903626087755514,1.6800003957065404
1.0,1.1653345008348466,0.45911652927378976,0.07589284643853665,-1.0897404448388703,-1.0235760419234659
2.0,-0.9316144008886766,0.6990328709271069,-1.1321166520408663,-2.2544843143848534,-0.15022560345492117
1.0,-0.8596986292529639,1.3109848015885766,-0.9504973254521792,0.4412375934400433,-0.7458667384283976
1.0,-0.2421303513747295,0.26376458324000257,-0.6342508797122625,0.7152324206516713,0.7845618544840444
2.0,1.0179382897414961,-0.09138929282651213,0.18112551010254763,0.847962193382108,0.15869247543564044
1.0,-0.8250457505141202,0.17828304845277884,-1.297024759747933,0.1439532828759544,-0.36277439805825235
2.0,-1.2437694254695277,0.9242491639945045,2.0240389942608377,-0.5081950761740286,0.05414633989473694
2.0,-0.679036504205533,0.7618916117767971,-0.6521796744996609,-0.20402043739427667,-0.5750029981868573
0.0,-1.680232038466849,2.216797494586571,-1.8533670157532987,0.7310566038864341,0.2688265517324077
2.0,-0.614962834327962,-0.5108793876421928,-0.677980864084752,0.3255411590690932,-0.49295396559540894
2.0,0.5981014972034671,-0.5365392529856359,-0.7013534025510797,0.3228362698510105,-0.27785868910523365
0.0,-0.8629586675000117,0.4243838925579727,0.00022127462297559376,-1.096075777367966,-0.5872953424045851
2.0,-1.0695067049094762,-0.9252008895332344,-0.8011216510840092,0.04329019013800253,0.3595019059022052
0.0,-0.06708823044464503,0.884422200251676,-2.392810278037952,-0.5673147352272884,-0.9298031571422359
1.0,1.0802840934176074,-0.170820237830452,0.5987537162774696,0.7115409062408022,-0.7218985005513441
2.0,2.12332229624573,-0.7457511490761455,0.11973062927411805,-0.4213635537226288,0.6658951849886273
0.0,0.08926587415171269,0.026196627840849404,1.6407451380624885,-0.6288002057364951,-0.3643098667441808
1.0,0.526990820695729,-1.888758582208801,-1.015886784470382,1.1376464723598416,1.4562317260782938
1.0,0.2763104745496965,0.014959910371711852,-0.7122176234172963,0.026427752853734717,-0.3290267715306174
0.0,0.715194626696507,-1.5727248182847153,-0.7406952938688567,0.3360233279140725,0.1345769534226698
0.0,2.490591494061787,-0.11625077202206265,0.30349192774744355,-1.943731500885975,1.7858351206571301
2.0,-0.49759192304439376,2.0920002138337725,-0.9153778283734968,-0.09802557708190557,-1.147835205550306
2.0,-0.626298539384303,-0.25965639799263895,-0.7828114974667796,-0.09440835698106315,-0.2499382728192201
0.0,0.37903305930143577,-0.533469798451811,0.5245573478337648,0.8355461726936431,0.5782931777341932
2.0,0.4687663207430705,-0.28893895106122797,0.210349869617901,0.5190098806573777,1.0669039188627076
2.0,-0.4785816187011424,1.2448427924329062,-1.3812274580699555,1.0290291220429713,-0.5844225079277635
1.0,-1.415601620595382,1.3422240005916888,-1.6395933201888349,0.7510371324709486,-1.501305632846877
0.0,-0.9077311365517505,-0.6316268541128536,-0.23139784046245776,1.5823163328860508,-1.4813166295692317
0.0,-1.302723044027652,-0.3068167952316259,0.22691332209803364,-0.5570170436726599,-0.8374930049065922
0.0,0.9788738561053848,-0.17125781513809968,1.121238606640486,-0.2491866415687172,-0.36001796330067287
0.0,1.186962793695651,0.11876912275413955,-0.3241997633380233,0.5058982866892088,-0.4698966666928257
2.0,-0.6077955341435306,-0.4728337982102924,0.006116383573157214,0.7774138487778278,-1.5503049172932342
0.0,1.9341700497304362,0.6007217353938521,-0.6023946556297174,-0.03264943061432854,-0.1694583424600849
1.0,-0.21048101967776484,-0.7579269970362514,-2.3767476699388874,-0.6123858003126964,-0.04245031102529575
1.0,-0.23875005600790544,0.7242778014678842,1.3556460510254762,-0.5285638298085021,-1.241494455217234
0.0,2.435885987493725,-1.51866739700969,-0.2620897156119771,-0.49681889403759816,0.5579036432903368
2.0,-1.2674251807693528,0.9684178687876716,0.6039117205585497,-0.4069307974781217,-0.3327413979885109
1.0,-0.17622840293262693,0.36816255344989407,-0.46734955566969105,-0.03324911012613692,-1.4586575723749928
2.0,-0.9676955310239992,1.0079966253405528,0.08189362125133282,1.6970959253547198,1.4848674926261685
1.0,0.6973977511362592,0.11854087634341773,-0.5729473494857052,-0.4867539892634213,-0.893397520693987
1.0,1.1896469501403502,0.5536520894175839,0.10076267234439973,1.047899910743649,-0.4377549465844123
1.0,-2.2511623226582373,0.6911630968486917,0.16027458878508094,-0.8419612955633861,-2.047555847644031
2.0,-0.15102970793411086,-0.8972967568228741,-1.8751507967402266,0.09125579293816476,1.4387148858939613
0.0,0.2944340426961099,-1.3672069370702995,1.6532381069294655,0.017695243354968547,1.0869188579736155
1.0,-0.08967056720031245,-0.6127572524118069,-0.5222504395022581,0.8804878513385844,-0.43461826490392336
1.0,-0.9243735371871834,-1.2278164864372632,-1.2384113745451752,1.3669587583373473,-0.021364512116794777
1.0,-0.02410970792961256,0.16695345414711132,-0.8090647741870834,0.39369476880857524,-1.060244477949587
0.0,-2.0927380989346687,-0.6380997235491519,-0.5574673510133572,-1.0057846869104592,-1.211794488728359
0.0,0.7154388504457075,-0.1255011842363772,-0.58288738141926,0.508249155299071,-0.58220952810527
1.0,1.7506678751101985,0.9630949738870895,-0.4759383975779067,-0.2513582074142199,-0.703190265550876
2.0,-0.7875841475924629,-0.5821327488114969,-0.2522416461446428,-0.21342837063960154,0.7889702935723035
0.0,1.342159564449386,-0.29170085231478143,-0.7155064044270405,0.30730172671785344,0.2384846908487512
0.0,1.2218760366211645,0.8418847081945274,-1.6708028696427142,0.19337009894400534,0.015137092830311914
1.0,1.4439229641616715,-0.041883271889558316,0.34847790666999406,0.6744357210461173,-0.1579882885625354
2.0,-0.002101521553120331,-0.026423568964397525,0.6735970854446504,0.3565550227183097,0.44607006343995137
