1.0,-0.5077682740759539,0.61259077452896,0.4003744372865872,-0.562835287749311,0.2690959107411701
2.0,-0.1485667954756449,0.26921234728941545,1.7768339003591032,0.30728084136486766,0.493467191933935
1.0,-0.32122727597282374,-0.8456900020517498,-1.0700777121935292,0.20110907861189034,-0.6637306873252893
1.0,-0.8255640397043991,0.752587289139501,-0.379658928833229,-0.4842690839576423,-0.17056527775055413
0.0,0.14619861190309602,-0.45171011061174215,0.770911678583059,1.2064233273219995,-0.3398343929573627
1.0,-2.1424571756934396,-0.6322273905192713,-0.26278702500548407,-0.052341140154205094,0.8543378286694814
2.0,-1.6807751407600842,0.8103996561435672,-0.3915775991046725,-0.6642606021178032,-0.08688327787015608
2.0,-0.23740155036889518,0.6034579758098756,-1.0886766340855085,0.8764567784412907,1.5763967054154617
0.0,-0.6398177346108546,-0.27573252479697796,2.559161367940906,0.9295038462772708,-0.2881779658102324
0.0,1.3243228041130153,1.502963387090104,-0.3243652306629777,0.052448591696533216,-1.625154706995305
1.0,-1.432733497178064,-1.9502488224282166,-0.8938958078669346,-1.2629022736345985,-0.24528237317440407
0.0,-1.4474152684457233,-0.3177681659652859,-0.38289073203045526,0.6450869215608896,-0.7300876468785136
2.0,1.3428979351808672,1.0322224963934454,-1.570712218822362,-0.8895441956427245,-0.33232964302442347
2.0,0.5544356321944806,0.7178103746145296,1.4907796212983313,-0.4803455997799245,0.5360459135520196
0.0,-0.9548704606501999,-0.4472658640464406,1.3297907187855402,0.4482475154498356,-0.1628245614280808
1.0,-0.4523517272621802,-1.7824226609197513,0.8229783929793233,-0.9419883943557842,0.20304852957965427
1.0,-1.0962300196165695,-1.429551464514672,0.2513016595360658,-0.3705212532672765,-0.6941362781828294
0.0,1.0370256583360626,-0.022335240520114322,-0.14345407458121956,-0.12035741586075381,-0.32878571102078885
2.0,-1.570608092924583,0.6417445327083119,-2.1339827363527624,-0.871197144687376,0.14025278913772077
0.0,0.8799371184142177,0.37401216176904045,1.3075509647117716,-2.4474526946677932,0.34958646895412704
0.0,-1.2348435758206493,1.006884325298795,0.20202737579892646,1.0708905337574015,-0.9432030651580436
1.0,-0.24238371726396174,-0.899234150806174,0.3010904772353571,1.2977349082669367,0.32212928151994846
1.0,-0.9271699693470198,-0.7241154085099051,-0.39023860854544756,0.43035514055370033,-0.5927806197882316
1.0,0.11572693621823016,-1.1511972433901634,0.8507933487540634,-0.43958686819264686,-0.36993968077473516
2.0,-0.3722194088796807,2.1821013257602866,-1.8674338661164183,-1.2663626753633352,1.4637003861456526
1.0,0.023096839722421072,1.2303252058959906,-0.3257256033192403,1.7920747694955266,-0.2543806877042332
2.0,0.9674053586121836,0.34103465804945887,1.24817465493478,1.1745446799961128,-0.6685709412236278
0.0,-0.4858146311501925,-0.6956140015754548,-1.6535220903892534,0.0549501840078601,0.05571467232370877
0.0,0.15058087847889973,1.2302420972966626,-1.3732412021912739,0.21744748173243486,-0.7385721493427706
1.0,0.8790989425099618,0.4897971214980883,-0.16536993702775007,1.2079149686178687,-0.7325287284624196
2.0,-0.38934425124825456,-1.176307764065445,-0.5460848689931566,0.897417497907815,0.4654675025423187
1.0,0.17010094984213442,-1.3279827956994241,1.560902518363998,-1.4121745874612157,0.26169245641498
0.0,-1.136310302979725,-0.15119352275061068,0.32857615057220724,-1.8655255584296766,1.175536021447573
2.0,-0.723351751119231,0.46973428616223595,0.8292302711074077,0.4085138703522028,2.0582183513887755
2.0,0.20649578838341648,-0.9127934241451013,-0.8567408243608466,1.158249429809979,0.18260064124490336
0.0,0.1689610357350441,-0.6164903713075924,1.4676090023595196,-0.1550506204706437,-0.6262192660971572
0.0,-1.560411354583955,1.4726000504700656,-1.3886828704156833,-2.233682522387979,-1.571695650169746
2.0,0.6874140528339173,-0.20272791881730776,0.7020683495313554,0.21385720289717974,-0.4949312410486628
0.0,-0.035235590898506156,0.1567279579420809,-1.5034868927139353,0.09661890374106212,-1.0576220625478003
1.0,-0.1082819280348369,1.809856291186187,0.7282034024301723,0.5700725361465927,-0.980107481135521
2.0,-0.19652693057279833,0.9349314408351804,0.7256542739568362,0.16082656393858644,2.8141884657558256
0.0,0.9627478572697082,0.4321594771801013,0.29630687160499486,0.9300077881593507,2.961003188195903
0.0,0.9425216736751545,0.579073649000181,-0.0563443241266893,2.90421117802306,0.5804662524447871
2.0,-1.7940924951780897,-1.4430926872110386,-1.1801572208307358,-0.5273029585893942,0.33692728108653563
1.0,1.1903130251272789,-0.6529795221205961,-0.5371471377475987,-0.45896332955142394,1.0318230836779958
1.0,0.5546294071735152,-0.06017567983168942,-1.3410722387888743,0.722889982796848,-0.3395122263347214
1.0,0.3092850755413943,-0.6673792417754876,0.22679508373576215,-0.37583894554869396,-0.21100363850889248
0.0,0.8441079128343739,1.156278370170605,-1.945520046949714,0.21951102633061226,0.6116957976429975
2.0,-0.21275287323990383,-0.2503869469467906,-0.2714730891354744,0.4093823828234203,-0.37856121455265385
1.0,1.3998106711416143,0.5343227945641513,-0.2118585718545218,0.7389960692756556,-0.16619634217696036
0.0,-0.04792667485615143,1.1072995255401326,0.1525883427267314,-0.6433761204274254,3.1063607740101675
2.0,-1.288010369659083,1.3653621205722264,-0.3149498922114332,-0.858180505815845,0.15295295949654059
0.0,-0.0954336656300536,-0.22238369671695155,1.9537540839251943,1.6273155990614807,-0.35947379064979934
0.0,-1.084992888002967,0.12323794343195181,-0.02711452503319602,0.24979945867081937,-0.8564230255562414
0.0,0.8738790467292047,0.6279180531185024,0.6630211299187077,0.35917215514984846,1.3604380735700643
0.0,-0.8855473374826048,0.6014885783484559,0.01443807632311166,0.9117097228272412,-0.43806453469389994
2.0,-1.0965734111286678,-0.8193638250019719,1.414028976705702,0.2234530510857319,0.0551897812545243
1.0,0.8392397003399512,-0.19034312495551742,-0.051500750564542674,0.8687396403132331,-0.6046428357322156
1.0,-0.6278865785132419,-2.016611821106979,-0.007602105398747501,0.5896806239960343,0.26530964527470524
1.0,-0.6092738322143323,-1.2484615988253476,-0.15314319591901196,-0.624059518578734,1.5976563078336599
2.0,-0.33105251757273535,1.1242240284169542,-1.0386814937006983,-0.3057029267344793,-0.6042685217707784
2.0,-1.8500020682173792,-0.7136159174306647,0.4485787828122323,0.1611598027206838,-0.05747425812517235
2.0,-1.0465710187355706,0.49905379465959454,-0.20153903563202594,2.8654187863912424,-1.0404033984675871
2.0,-0.348609387115537,0.03182451135060063,0.17048673532149275,1.132822064198205,0.060886240798095966
1.0,0.8760658583534747,0.8300087289560585,-0.8874695255214686,-1.2162721085283124,-1.052872001890666
1.0,0.039181963143751906,-0.45371518210096645,1.6369316955930735,0.4060427720563811,0.3265940732059647
2.0,0.8396305417532282,-0.5863904287864026,1.2669099056595747,-0.6085413955880434,0.28911137026072053
2.0,0.4223938332974431,-0.4479775680890704,0.2925402379869689,-0.8372049630655888,1.2264732989139033
2.0,0.9970400968639433,1.7572559332899045,-1.620594964419088,-0.03186611514309139,0.10956073904576903
1.0,0.21602886976897026,-0.3645951861741995,-0.5372343293458031,1.3650566982332395,0.02534485561434585
0.0,0.931074300604599,-0.7693717257613971,-0.973252339071131,0.7773670290847903,0.636118697046437
0.0,-0.00472203430197657,-1.1605098615559137,-0.9334781428612504,1.9121937282963322,-0.5131367796132777
