1.0,0.18885369625273873,0.8642935434027572,-0.5155162025964015,-0.14869657389979474,-0.9131190791162588
1.0,0.2753399830960591,0.8109895655435713,0.11572629575864533,-1.3510222677632062,-1.1018766048143664
2.0,-1.3485564435940371,-0.042517323728635065,1.3718296988300722,-0.4126865800111778,-0.471320737426236
2.0,0.8709561499769073,0.21492690787638558,0.6561572419419811,-0.7644129378394072,-0.35879651756365133
2.0,-0.6157923033315026,-0.22547914300394165,-0.19185611782859416,-0.8068037470615139,0.5008071119535056
1.0,-1.3754336297587229,-1.107053043499273,0.5386870803826855,1.3430115237770404,0.9224173703425665
2.0,-0.3783365332420493,0.5165825581482912,-0.21068744872869993,2.5324903214060708,0.1276292371743417
2.0,0.24272181965945389,0.5073823773945105,1.6444834662955805,0.22255695162639227,1.319235210400041
1.0,-0.8259089794026176,-0.4331863217230034,1.6137919743844975,-0.4818078373867314,-1.1837533124391149
2.0,0.19207920447132062,1.1484606526884986,-0.7526679189693014,-0.0812685468870288,0.1649507556275589
0.0,0.43948288425164594,-1.1214741764275649,-1.0407963557518796,-0.23127166708869643,0.03560433573872634
0.0,0.2408259925689928,0.7091106909434527,-0.3036384822698945,0.35206439991902616,-0.5117749029251302
2.0,0.8361678317631118,2.234635722198205,-0.4179160235421241,1.060032631639782,1.267686580951807
1.0,0.15695761215271412,-0.7985306006132454,-1.4299948068087445,0.21908027755272844,-0.6477918819477558
0.0,-0.2110530298754458,-0.3753575584855653,-1.4403869111740453,-0.975395742419602,-0.32482079704401073
0.0,0.7546576369971544,-0.35698177197119857,0.6309519522779548,0.40194408718343294,-0.580763593039557
2.0,-1.4873149864226363,0.8336795609668785,1.4036035370252586,0.6354637025554979,1.7215042568128276
0.0,0.861565087855129,-0.29167047445895594,-0.0038727703728228826,-0.18191763127776558,-0.5865329919436598
2.0,-0.4193691551532379,0.6695452213602499,-1.0187262048216554,0.36036536306585465,-1.0599640276203144
2.0,0.3613997413413466,-0.37885197744440674,0.8946377453823888,2.0130753291562065,-0.03697375463633471
2.0,-1.918772518914857,-0.18961840732458912,0.9907601362669273,-0.009489765080715478,0.48921576121221416
1.0,0.009666961370806009,-1.3425077222839377,-0.3328899389863787,-0.10908513879478594,-0.29934929769508123
1.0,-1.3556680969828538,-0.6427518940274776,-0.006053095308946522,-1.2134118115245838,-0.20015624894248787
1.0,-0.6123735877807595,1.4753421708230565,0.1709966008397167,0.09385966084694139,4.078798181953379
1.0,-0.26212553768074454,0.02225663835015508,-1.0118892942089461,-0.05767782804380419,-1.4308045689081033
0.0,-1.5568151623493711,0.7201999520834118,1.3181526466903213,1.3079426306874924,3.136987666822439
0.0,-0.2517953303891247,-0.46694085191197354,0.3783906655189292,1.645232659919771,0.01064061731890085
2.0,-0.6338051263112743,-0.4811357767573925,-0.1872031993050235,-0.7338442554340561,-0.41893605510905896
2.0,-1.0058690683738125,1.2391079291799543,-0.9699640802199595,0.9132302329937878,0.2623171404919299
2.0,0.020320381007318603,0.04504409505014045,0.2862323900087104,-2.658369174090249,-0.9461939900521633
1.0,-1.36902915569778,-0.08149485696242716,-0.28270413904172426,0.4485487676073736,-1.1175717348854004
2.0,-0.16668825265821724,1.2055777070164173,-0.08429792117092719,-0.8735057366464658,-1.5991916981827388
1.0,0.826046315802789,0.49896203803570677,-0.682028793301256,0.4617581379734954,-0.7855516170596273
0.0,-0.1316727895889316,0.03788343587400336,-1.7451105164351806,-0.03502269338121192,-0.9383687692851093
0.0,0.6928918580539156,-0.9874045110860566,0.018334404323848138,0.11080560023249934,-0.5430214498670063
2.0,0.6966875487313807,-0.39918015537543466,0.9375589981318964,-1.590027049035922,0.41982702287991386
2.0,-1.0585930689662246,-0.7171380247701736,-1.1614181208681076,0.5475477452481003,0.4720404329515627
1.0,-1.4888084021543568,0.3814883898900122,-0.26534999610705434,-1.6089626859392316,-1.1954620501852005
0.0,0.9709162932768328,-1.8759223462967776,0.8009372835674697,0.737949898042543,0.5762324241819365
0.0,1.0180389264996574,0.3995895632193252,0.9860235144612141,1.3308111567941239,0.2817288837349417
1.0,1.0775438273828968,0.1280732571806902,1.2524394856709633,-1.7861652467636417,-0.9948152385149196
1.0,2.213674065193504,-0.2123982893689843,1.5643825810770373,-1.1638334384055784,0.5300537210019532
0.0,1.2254645365332584,-0.2932570319442496,0.15753678022216994,0.7712425610040665,-0.5308293405368874
2.0,-0.6825262703841766,0.15148036276905694,-3.068636304839285,-0.4362680798017923,0.6508757424703095
1.0,0.015026981133445265,0.22387671037054047,-0.08493353906762731,-0.29773592774556434,-0.45310094397503897
2.0,0.5370052030774048,1.3467901469446044,0.12707972391075364,0.2443896667625592,-0.5421810693360803
1.0,0.8134189815633056,-0.5137245831222246,0.5855013755711673,-1.1560975465509993,-0.013709931290784535
1.0,0.5736268256278743,1.205039475623617,-3.0891975984504767,0.7164326411525175,-0.492896961859283
1.0,0.3838624817348244,0.5190316313028214,1.1885943006004762,1.4704550973112918,0.6406582880497612
0.0,-1.0395262067742388,-1.860547126385536,-1.6739298899906223,0.49897782895787834,0.13717749543389218
1.0,-1.009703231534419,0.36354547620021205,-0.9348468443682053,0.487925446151684,-0.9446783725943387
0.0,-0.587015356333541,-0.8399802760115525,-0.6948821988190139,0.10652543195157477,-1.2735486872343624
0.0,-0.2439582538431615,0.9282688032891768,0.6175627591294321,-0.23199954776364715,-1.4131571544143637
0.0,2.075012488060979,-0.7640069610918087,-0.9470094958629922,-0.3312994918734301,0.010270645008164749
2.0,-0.3308139274532362,-1.5112275574379601,1.0931271393799173,-0.03219507562138282,-0.20340297187472028
0.0,0.6074109043033474,0.3232519755381431,1.599836006477669,0.468819520928308,-0.5662978057656722
2.0,0.5029951078555609,-0.5122904397262712,1.0376911168576175,-0.7465328271997442,0.05914560911008766
0.0,1.503748314071528,0.28544377856624886,0.31999311789353646,-0.15707301596986414,0.4549378722360317
1.0,0.2934969479437366,-0.8042455401482415,0.4999855700321504,1.4970482423018197,-0.44360553146732973
2.0,0.3848115282822457,1.3647529004065817,0.37432892368618287,-0.4022264692153323,-0.5803298765184547
1.0,-0.31762541116437387,2.750414895975283,0.4851743650179838,-1.4333119378914623,0.07389624277627908
0.0,-0.414795041543486,-1.224248292602129,1.0372568405218223,1.2235103678034758,-0.5239298508284493
0.0,-0.9427266212319212,-0.5519713332383134,0.28647394249574,1.2257696935129974,-0.698239797827344
1.0,0.7507827892089874,-0.005517896654455337,0.431731403428639,-0.38357994604681905,0.19286562959218137
0.0,0.15330189055123014,-0.816266981642515,0.4318604096839331,-0.7174086896815363,-1.1927718408995753
1.0,0.5024606131883087,0.6575658598705788,0.42434279551925885,-0.46504341801623666,-1.2426317701424654
2.0,-0.22672734879266507,2.010175128164806,0.8397137870451008,-0.8764680627381362,3.6425705249142677
0.0,2.120967264773754,0.6240215822501468,1.530685531774048,0.35478124933529465,-0.4216452378287607
2.0,0.692243942828292,-0.3168612262634809,-0.8392159635762927,-0.2113579688072437,1.1328445836728498
0.0,0.2744715588180608,-0.24737716294749915,-0.42672062391272586,0.19340662841403783,-0.7470154646142937
1.0,0.5904893866013643,-0.07427167532099721,0.12640387278150383,1.292744446148643,-1.3556057491772078
