1.0,0.24301597210098735,-0.36504909080064746,0.6607584865762033,-0.395638030306415,-0.18912386272776344
1.0,0.7034372688536029,0.9771531273573838,0.5207072475734356,0.019059954618474557,-0.9394374060083058
0.0,0.09814899932866758,0.22775536434458904,-0.27590403424242116,-1.154141701098322,-0.9020457409769542
2.0,-0.949085871277243,0.8946772679505502,1.7172183063620932,0.3770432075469079,0.918903470101
1.0,-0.9468643041643486,0.06250987336780128,-0.2849161021014071,0.5407553915022172,-1.3573641810220394
1.0,-0.43173456503795743,-1.7394882065635282,0.6946003207136734,-0.6729943207646373,1.1958975746557365
2.0,0.5680554920915931,-2.278383652348147,-0.23455135480945843,0.7067141061310844,1.9644231512390984
1.0,-0.09592596820557225,-1.311822427025854,0.6831465312699094,-0.02342999457867986,0.010925413925185238
1.0,1.17869594316821,-0.7932590559237211,-0.0676269053841188,0.8242231315177847,0.6603766221477398
0.0,1.6428839133283926,0.6523204736520808,0.5100292259072079,1.2024426087478652,-0.46010477324076127
0.0,0.7104621042252853,-0.5494976959171881,1.0848035822919415,0.7629584552135101,0.01497183683116128
1.0,0.47051748846103675,-0.9904273943051879,-0.03222839205516813,-0.3934261129278952,0.319642732276339
0.0,0.9664345710411397,-0.04403507630631822,2.3467932343864426,-0.7326391503974587,0.4727303977858468
2.0,-0.2772201842406419,0.3677435857163908,1.2373877387070573,-0.9255758976329292,-0.6455576061171735
2.0,-1.0653322431201002,1.6078651380677669,-0.5241292170724506,-0.17759618721371626,1.6998961749802115
0.0,0.8651606985722629,-1.9942831596946102,0.7394387652049487,-0.04469038484112763,0.27634783249073386
1.0,0.9909450711330217,-0.18002431223274915,-0.5388624310901178,-0.28923809044250764,-0.4729217604226101
1.0,-0.6323988742801736,0.5301313792973216,0.876879349522566,-0.2852116621073557,-0.6733924340823301
2.0,0.7589386741831358,0.6657563664735969,-0.750662834437245,0.2849648283748399,-0.01554937392782848
2.0,2.0210077238919895,0.13061684829429035,0.47057224884239873,0.6675146967318577,-0.2144002246732293
0.0,-0.9519525986909434,-0.27513065768555195,1.1462888169505967,-1.2533399494533068,-0.826466641418602
0.0,-0.39302978236646324,1.169877492116939,1.9245756997920043,0.7749897651573855,-0.3217525334223321
0.0,0.23655546943085226,-0.313964915420296,-0.2042457421050512,-0.669347147855412,-0.5105698877078386
2.0,-1.1908802414155728,-0.3038815008297695,-0.2644793257100664,3.242103513773194,-0.8540335414435652
2.0,-1.2600755993863322,0.8793637937588995,0.8669824999679657,0.031560207092692444,0.7614122631504874
0.0,0.7017558923884741,-1.2737511418893321,0.14345346581280594,1.73957063527909,0.12660584262612531
2.0,0.4432813656941695,0.6730380612304624,-0.16089713786006096,-2.329814155969477,0.5086233043960459
0.0,0.6072021597042514,-0.43466596607873687,-0.7263129694855097,-0.5301960603426745,-0.19596989679846646
1.0,1.0087617411043055,-1.8721153573445017,0.7040530266287244,0.23123229998588302,0.29201771905177254
2.0,2.001989610727071,-0.007680334638726061,-0.6594124832597792,-0.6018579907828779,0.7307882409600953
1.0,-0.2424198882195272,0.7863843463910573,0.8955522211773501,1.413703092689786,-0.32820127494001267
0.0,0.17711924623288106,-0.45723874193865405,0.8002199580851165,-0.9454192803228796,0.48904505582368313
0.0,1.0858234642689781,-0.43671655797091313,0.9281870613030665,-0.48294074701473444,0.04090105382979047
1.0,-0.5428723757864257,-0.3492461700295501,-0.039928701755524564,-0.19244207883395112,-0.9601766367416111
1.0,-0.9301622681652135,-0.06339286643074195,0.18342600638435047,-0.4353782415039339,-0.7267848606865293
1.0,1.9213775313113133,-0.8105937506958781,-0.16367867940607062,1.11005435692612,0.788406274880972
1.0,1.9368905233295857,-0.04872335726700039,-0.9375583275226695,-0.08315033532130427,0.10373955559021147
0.0,-0.18843739511529736,-0.8299627838516288,0.270783389014006,0.4069352354166186,-0.1070278366177591
0.0,-0.05438999084738694,-0.837487360862555,1.2245266819800653,0.5504971969979499,-0.3473012399901812
2.0,0.044889351967424225,0.8113125953366781,-0.8084306486468533,-0.016924467748070663,-1.0102205985358785
0.0,0.3681959659626335,-0.8007625689241249,0.3679593992467965,-0.6883577976356825,-0.03069596108858677
1.0,0.44560739348915157,-0.11958775794447664,0.12160122677909074,0.46258712997961726,-0.8992599119687478
1.0,-0.8892891422773251,0.6296537532624501,-1.3347094918974545,1.7911565256770576,0.4567858077068824
2.0,-1.2418370294574113,0.504200915572422,0.8684613322751419,-0.195393320947538,0.8636470492632449
2.0,-0.30649761621698113,0.6625634232799134,2.1561365305993108,0.5313799806283835,-0.5149398001841132
1.0,-0.28228913203393646,0.5152456674652365,-0.5914007644273317,1.7655314496613101,-1.3006440808044082
0.0,0.784933085238206,-1.3524668466872827,1.771723997789744,1.6331330050243669,-0.11165677612549238
0.0,0.24647826197652245,1.1240255643134316,-0.15823254355594427,2.4761585996345694,-1.3691133712722896
2.0,1.1411513716863653,0.236466610372745,-1.4366158436760919,-0.038237162141499234,0.12460411542237833
2.0,-1.325476649718197,-3.688682039305854,-0.5896807043130075,-1.9724701420202606,1.5339370337738165
2.0,-2.793030164080256,1.4763830049637654,0.47250048372627845,-1.7571608615012648,-1.178959924865361
2.0,-1.2296739159706098,-0.7613846625752518,-0.7977514058634446,0.9518018028288848,1.5967959096417275
2.0,0.865819175914934,0.7019274315843864,-2.084464012700883,1.6775425855775536,0.3467845123354057
0.0,-2.2526827953447612,-2.3602667417226844,-0.032399034457160636,-0.387913429705441,0.3445386030977429
2.0,-0.7906850103766093,-0.6857434315617913,1.79718756732371,-0.3980496377044428,0.22309772536542588
2.0,-2.021497426897726,0.8782327354622205,1.4031350396041489,-0.013900499960272697,-0.06026363066721405
0.0,0.6727279927259142,-0.36769134541819876,-0.4616879796952375,0.19606340770253994,-0.03290168893515062
1.0,0.0037139443568415306,1.8703557254291803,1.0587621991598783,0.9886316906152349,0.18344758197558964
0.0,-0.9681309181397281,1.3676521239418595,0.6167499363231019,-0.4317662814046053,-2.3789979702145487
0.0,1.1923910331933818,1.040195443437961,0.023334207544937556,-0.7049359419310272,-0.5777001767496566
0.0,-0.8857725258770487,0.22253956553663612,0.8794895670780865,0.41633932910643345,-2.0690960464226618
1.0,2.293976618101792,0.26505244740792394,-0.3107287129174936,-0.4297421817770817,-0.28012993127056857
0.0,0.857423209977821,0.9835768768321174,-0.129878570825376,-0.11962676576525451,-0.6051673218821069
1.0,0.4758499271471314,0.14523071636556553,0.2665456875406757,0.598913959085017,-1.412321504166846
2.0,-1.0204402771532424,0.17067043545721775,-0.3136907821375318,-0.7427399137525872,-1.1750734706891115
1.0,0.04203732675959573,-0.7292037534984108,0.6233751346923709,1.3157903976170138,-0.6473723810872232
2.0,-1.6641249623257015,0.6898800337693458,1.3190259054708913,3.8855162868502138,0.8571920465091507
2.0,-1.4838402667275241,0.07118693804910818,-0.4163656029400996,0.9962088318442072,-1.1659456910150379
1.0,0.30209397744456357,1.3183458706575377,-0.8666266291379665,-0.8576606625576623,-0.8350814285813817
2.0,-1.0577616271555432,0.12321209599735898,0.730320247543608,-0.6224462942279081,-0.8194765360176818
1.0,-0.6817321503251209,-0.17118420126925518,-1.015947386661163,-1.3419765060948083,0.11091191793320575
