0.0,1.4870289337944382,0.3009689730149742,0.9627328949548342,0.975904523685682,-1.1457580531244402
2.0,0.07263209338085086,0.3387727293248801,0.13387874765839142,0.47066373523364213,0.8261759658963465
2.0,-0.6934570130907458,-0.15082419606378503,0.6254372332031688,0.17740075116302698,0.9475349526049703
1.0,-0.49472519269684323,-1.0745448746493174,0.33044925766164196,0.2110682948749505,-0.06620746976477496
1.0,-0.641931620888649,0.24409313237165645,0.4081878313347882,1.7170936979683658,-0.04920642016999046
2.0,-2.5468769472405643,0.9061646196936651,1.2710323037334474,1.0518878291606237,2.3952246773309036
1.0,-0.5608054439675334,0.2099617496117449,-1.6443255367771505,0.38367966524582525,-0.48609911807122
0.0,0.40253953104103957,-2.1701892071262514,-0.0014136515630162527,1.350855814120324,1.5675013651591423
1.0,-0.2876084401673346,0.8333149750376503,-1.1762390199773587,1.6427270665473976,-0.05269327401997083
0.0,0.1510935926688758,-0.5057040020787161,-0.5455956475513423,-0.28396776931085543,0.20713805558904078
1.0,0.24116128249858024,0.352638280024194,-0.9129312329568829,0.07926827567646326,-0.8065029597544081
2.0,-0.29000097664806057,0.30960002355688565,-1.3703084631719766,-0.2714678892699393,-0.001230341916635493
1.0,-0.5971814281228858,-0.04020741864889932,-1.6712902838749601,0.9838242538011243,-0.6687151564408158
2.0,0.39813211723808994,-0.17694661175595425,-1.2763226966327974,-2.118195139938242,0.0030973307523402714
1.0,1.2259842929216762,-0.00885262759769433,0.4722312647276492,0.3541044275500156,-0.11216082212823193
0.0,1.3642752178193662,-0.5201089921307688,0.2671897615435449,-1.969765282347134,-0.3529657964932475
0.0,1.0172369360914946,0.34201077909812677,1.5789673557263073,-3.2207200887132066,0.40702671366423443
2.0,1.132465484578136,-0.021230683336654718,0.9654648912675811,-0.38650853969940757,-0.3429737940752908
1.0,-1.3503212696226021,-0.6763812343119412,0.04089217141329001,-0.1750044792279319,-1.0753932049010269
1.0,-0.4984469817527003,0.6708240243910286,-1.344754771089071,0.20713142042326635,-0.8111987279493758
2.0,-0.385197214373257,-0.3390503278411957,1.568590231352782,-2.1576780076766506,1.9221081528073223
2.0,-0.2862781421555859,-0.830472239374135,-0.7913878102645981,0.10203150055135035,2.5915510453777952
0.0,-1.650121859558444,0.7203499023994672,-0.3506415740835122,0.31078079935174696,1.5409048870060826
0.0,0.30777546809316364,-1.2807944860978535,-0.009978324426067277,-0.45422633358950654,-0.39658139928175135
1.0,-0.4263060557136906,1.007343103334896,-0.6368638670864658,-0.5610308138044824,-0.9409200938954595
0.0,-0.5901812131641765,-0.2632273092716906,-0.46604603825750746,-1.2001665857939445,1.0216577110296476
0.0,0.9852293939279715,0.35674445312754877,-0.8571886547356745,-2.043889040123997,0.2916592747926796
0.0,1.1590634586919024,-0.6379405015175281,0.5500692948369842,0.4059159479003,-0.28515664522348677
1.0,0.6761292062553845,0.4524230074183089,0.11583486107632611,-0.7797428746744268,-1.123744666094498
2.0,0.3460041254273386,2.354686817399054,0.018163015698759492,0.5113725246300085,0.1690113794839856
0.0,1.7322733120761735,0.8510381141950113,0.645434096597938,1.861215045542979,-0.46248981118303295
2.0,0.9464013767074841,2.212833701700265,1.1761248661685264,-0.9778152108325683,1.803924962356915
1.0,-0.7230037816218686,0.0483100213014207,0.45100967135075576,0.08088130456141915,-0.08257037893745633
2.0,-0.09251839111840265,-1.3037270582965572,-2.2375157227623044,-0.30074574538090093,-0.12777630790976233
0.0,-0.17489829562585452,-0.430216645742666,0.8314672478675671,-1.1979368284162533,-0.2906218305991437
2.0,1.30277952508647,-0.2788919815430955,1.219504823500193,0.07553763621794463,0.18084178513509844
0.0,0.8078689830518574,-1.1340120139466368,0.8930169177214109,-0.7334393332855589,-0.26238848644781343
0.0,-0.5060012619322123,-1.0426792082985619,-0.47799490440581754,0.849793880246309,-0.15132336438231742
0.0,3.0472731127269506,-0.48726176266630133,0.9297323238966904,-1.1488541330943627,0.5304759592783738
2.0,-0.6410445045995391,0.45087757924603244,-2.423517117504227,-0.40594941659629713,-1.0016805497805266
0.0,1.1485289509143433,-1.0798714046698445,0.5873124834316932,0.32551563342946854,-0.02652883264414024
0.0,0.544899053908481,-0.6416501436206148,1.620719223811841,-0.8585143246381345,-0.776543291720818
2.0,1.0776858183256695,-1.115573631147488,0.4466197629641332,1.545896055261016,-0.18113785195443569
1.0,0.19758188498569088,-0.2280150561492009,-2.2812483567254978,-0.7880470660610326,-0.45943792272309936
2.0,-0.7769215501416028,1.6033978776551125,2.5446913231281405,-2.8095250925278905,0.430736528633717
0.0,0.003557061565007095,0.11754120427595935,-0.3733808926784018,-0.5673969073767869,1.2695672029566551
1.0,0.521095567905537,-1.4559208786188882,0.33874179355642503,-0.5410211212649935,0.2995630803384365
1.0,-1.2257667353483428,-0.645382468068565,-0.02741687822682645,2.965734003661896,0.3717229751068185
2.0,-0.3914667075775719,0.8419162510993532,0.00326054571169614,-0.8766249359226994,-1.465160025605903
1.0,0.4296202361287839,-1.2677197638616897,0.20170770570175045,-0.026272768362026758,0.5360440268740205
1.0,-0.3207474793842666,0.27899581359172787,-1.3200910298333526,0.9375874799391231,-0.6485365487551357
0.0,-0.3329753103035016,-0.4520274917308314,0.41560078936661043,-1.0382920875176713,-0.10330748548706256
2.0,0.777299370646389,1.1344091181700948,2.8980574337881184,0.03477740835041791,-1.2068907807892928
0.0,0.4541306086142853,-1.6850839260042894,-1.7977740356653713,0.24501077594677212,0.0886153106267846
0.0,0.2029237285826314,-0.5097663462808087,0.41072729289963433,2.4210998977917804,-0.9075482018551221
1.0,0.4895390017709242,-1.9173995756402065,0.3049654649411529,0.40391955011853203,0.47311939036170025
0.0,-1.5474162487193563,-1.2488278681082199,-0.362750166686092,1.2094873243474198,-0.615546841546771
2.0,-1.6383462744766968,-0.3722627313016728,0.7133460481303442,1.1086798948970895,-0.017541072263804247
0.0,0.33870523853035595,0.2994161362915411,-0.26005436221240924,0.5580906029745695,-0.9867803788854163
2.0,-3.1878494168453986,0.42716674160695384,1.138224166302218,0.13199064394131202,3.6463523773261612
1.0,-1.0338508335817849,0.18812497608636392,-0.1201361636243285,-0.9101972455209452,-1.2667236006297526
2.0,-0.5902225980524534,-0.7228700927376225,1.6370492713276132,0.8834243373954682,-0.5003580796371306
1.0,0.3366695259018563,1.788275728547726,-0.42156261820988983,-1.0073521124037097,-1.016708185184668
0.0,-0.5547969950801096,-0.7729394260092975,1.2233730762191326,0.21329948631184995,0.14736365966473605
2.0,-0.10593403734118167,0.0717700043054888,0.22858823108389453,-0.2982735465302517,0.3309669090964003
2.0,0.711655307612848,-0.6705279796618885,0.554642413688559,-0.3611152543465771,-0.9116648196428979
2.0,0.17203960019604767,1.1301910540157,1.4561110782711086,-0.08521067829744274,0.7468869637465052
1.0,0.8484974754435813,0.1344667216707497,1.4516638064737657,-0.08754380690673781,0.03906179335019014
1.0,0.7519979612336632,0.29586566693019273,-0.9108884420737001,1.050461409964982,-0.5343948854079571
2.0,-0.3087062329541409,-1.1991504615367234,0.6482960712475276,1.1896330913624988,-0.48789875846379216
1.0,-0.6594890534353481,-1.2650457747950161,-0.9637840061580245,-1.0745089330880253,0.6098693832878732
1.0,1.4976706409482168,0.69490794982652,2.1665788488965645,-0.41537012315216326,-0.6354576580201438
