1.0,0.2112370313157537,-1.1083475469599198,-0.24694521984086823,-0.2606633262507085,0.858563207284133
2.0,-0.8138642403692466,-0.3616096697152847,0.21624137167280807,-0.61880727756079,0.014291367335129888
2.0,-0.9996257638434313,-0.8187806362153657,0.32910621973826876,-0.8775888916549507,0.16758191288015295
0.0,0.45330467988233936,0.9733784764227051,0.16074198775303647,-0.4988811655496055,-0.45534859510237286
0.0,0.20453908018587758,0.9391022569393036,1.5084955583795523,0.18221165461483205,-0.44718565278401884
1.0,0.3109178268816628,-0.30185757260315466,0.4685828891352995,-1.8438417152549282,-0.3714596040445017
1.0,0.3330211785914178,0.724611957655596,1.6189523269957693,-0.25493729367393475,-1.3885963696776151
1.0,-0.17674519031585556,0.6509242738075255,1.4985911004633004,-1.4265701766913954,-0.8196190896331499
2.0,-0.7191704222574253,-0.5139149079001886,0.4543479466229575,-1.040735112201978,-1.116885757459303
0.0,0.21242771385368042,-0.021812756935721357,0.28213711521030765,0.15797714870160354,-0.991921304163682
1.0,-1.3382275011095037,-0.033706953085335785,0.3060418448530582,-0.4051933973709273,-1.0833875087760325
2.0,0.8058501954200796,0.8482071788711987,-0.7737755115615784,0.36293816067409995,-0.45773072023030087
0.0,-0.03618666550232045,-0.3423449839782491,-1.8883139677789662,-0.97556317669385,0.13942190287830586
0.0,0.2549111759736936,0.8423586162741891,-1.2390816467403083,-1.4201014191415642,-0.8181843204891741
2.0,-2.290200770760209,3.048835426688011,1.2676220077166207,0.9372782233870912,-2.142218855521392
2.0,0.09873565420248427,-1.0844604533659479,0.6336305004480037,-0.2718029596516717,0.08512207679195484
2.0,-1.505051671580816,-0.7554535684302555,0.8026965391586305,0.7021255457399981,-0.8294150001743843
1.0,-0.3570540264112492,-0.5088218720675431,0.3285818994319758,0.8738024709472597,1.0335820359076913
2.0,0.08408431282690133,-0.5518063803429436,1.3170519294244032,2.1486452380404217,0.38863141831578074
0.0,-0.3328650987297609,0.580699405521035,0.9546450901341218,0.12750413448791018,-1.2431380098296885
1.0,-0.9703351112491069,-1.7482043342365743,0.5294355360008287,-0.3021309393543886,0.17535267677209607
2.0,-1.4359404386163181,0.43543926617495915,0.6121468761090916,-0.07379398876855255,-1.1842654905730474
1.0,-1.6487085982427467,-0.15587964535036328,-0.6849947030771719,-0.33254249678267006,0.8316111188960044
2.0,-1.6963033043166973,-1.3188403513226288,0.9303284310441968,1.1617889433265611,0.7287117087022783
2.0,-1.242080655952015,0.06331612041657989,0.8265434156471535,-1.2061617031965883,-0.5134603548757385
0.0,-1.314696128050442,-0.48470841928834574,0.1577434683182346,-1.7111280236588988,-0.5571122900441272
1.0,-0.28647450023535515,-1.73765364981691,-0.07304298129524035,-0.49802844185164913,-0.6222701109823082
2.0,0.2312538522254088,-0.09711902355092739,-0.7995251546918342,0.3663519165075071,-0.742779341070491
0.0,0.46556106507206146,0.1214597513540887,-0.24542925088905712,-0.23980876227007636,-0.8553778932062197
2.0,-2.2891131918522443,2.3833705685172646,1.6287164993940046,-0.7875908702203592,1.881590016497349
0.0,-1.0397552528499991,-0.4468700709707918,-2.04885043562722,-0.9494733797317346,0.45043264922815657
2.0,-1.9653139606182417,-0.540456636291351,1.4695887318253842,1.9608722990882856,-0.29140050808530443
1.0,-0.06675611236662356,-1.2169025227634862,0.380588389731969,0.1484848576336787,0.4248857209365774
0.0,1.1940336622400107,0.06786024887390811,-0.3104774303145692,-1.2100662593000109,0.4533211911773018
1.0,2.281944438578628,-0.45512470356099405,0.3917092035035465,-1.0410455919106298,0.9709252378943043
1.0,0.6201591526643042,-0.17416550670696432,0.12713306798630553,-1.1156177435993084,-0.34854044772113796
0.0,0.8633860736430179,-1.3300181675608704,-1.2558354982481288,-0.5498591380002936,2.058741856902961
0.0,-0.7503591311166092,0.2505566607861134,-3.032718058306609,1.3816348213670029,0.02141875611323191
2.0,-0.6419975457856084,-1.3615020043522594,1.5121815010138695,0.7099835007327494,-0.3520342032354397
2.0,0.9181851082962854,2.766695194277504,-0.6283504893672124,-1.272584417666759,-0.7386136355355565
0.0,1.9014867072598993,0.08497607603547179,0.5097275050836952,0.9684442857018504,1.0498368560226654
1.0,-1.1573259005989385,-0.03196002433410257,-1.2119339388619577,1.059724325044025,-1.1808170701867402
2.0,-1.5027283611010376,0.5773119557233538,1.066412308731229,-1.5589070752010215,1.5789773410427481
1.0,2.077592733060929,0.6309350380720692,0.22273608903922115,-0.5303830569276388,0.0029174864727265337
0.0,-0.8173324666939031,1.461390748377406,-2.000069265126096,-0.6847177703827221,-1.0969717292321501
1.0,-0.18867984738362903,-0.6499950446557784,-0.8421770785203925,-0.9348957970608599,-0.28149442423701976
0.0,-0.7684964871632457,2.073856646195795,0.5667448892457398,-2.0305869556722684,-1.8169745931875938
0.0,-0.21343986919107738,-0.5261177726173036,0.7750772710580001,0.9138992586065798,1.6915198608327553
2.0,-2.1753836382858904,1.7129776640026808,-0.23816955571845902,-1.4671895306117977,-0.8088248792600159
0.0,0.3169459151672804,-0.9105116802706645,0.5885159719037989,0.7823587102743707,-0.25921809792913436
1.0,-0.3900890222165327,-0.2608004989730368,-1.1720469629041042,0.8605670994804274,-0.7306952081858916
1.0,2.583469184602359,-0.8895118405083807,0.7337478785052278,0.954694843954696,-0.1515765234278958
0.0,-0.04146141842936146,-1.6852296061413425,0.17580046092031196,-0.6999632605615935,-0.0070088751465868255
2.0,0.9605659324223099,1.8727932577559183,0.9261622951963197,-0.15078533977052577,1.628729818488859
1.0,1.0168929474680979,0.04540152878852715,0.48700490358060794,1.2872422407418425,-1.8143997969549477
2.0,0.4243563659754256,-0.3400168163370681,0.28543689345998197,-0.04767844254256306,-0.4287273031130458
1.0,1.473107498215816,0.47365170511083154,0.6087349202544832,-0.3822673822485476,1.870624364245829
1.0,0.462298698168997,-0.6233815974049796,0.15076565848205903,1.224341930884327,-0.2499005295191158
0.0,-0.12693275003039992,-0.7722472049646305,0.4704683118606774,-0.0419574315644361,-0.14736939672591157
2.0,-1.0534134655427165,0.5246065420444029,-1.415148412437343,0.8724365767370695,-0.22649145735219475
0.0,0.18761289716824092,-1.624645922889253,-1.1630821919932477,0.7443927570589709,0.17825464915479478
0.0,0.21040930244286107,-1.3397779731703205,-0.7130395964511186,-0.10040657756656828,0.29885227952188015
1.0,-0.14983159843434488,-0.1406310118224242,-0.16740319433261527,-1.5345909737016257,-0.6927748288050274
1.0,-0.9333143147537168,1.3585755331915839,0.40314334046026956,0.04413032673754516,-1.4060681708716096
0.0,0.514799569130755,-1.7997117114319685,-0.7521405590178182,1.8841420632977235,0.3890885020444701
1.0,-0.3828710558342549,-0.37953640327244753,0.41400042540097803,-0.6377087079461076,-0.874945320606214
2.0,0.9074843320447092,0.04087460448377447,1.8694882278466813,-1.226177215296021,-0.25237891902128184
2.0,0.7515874195695149,-0.5438147853871989,-0.5191013122965249,1.6033265908185674,1.0794263444188268
0.0,0.05311259107600865,2.085390488284754,1.7633680880528826,0.7140968349705228,-1.3033111398384065
0.0,0.1274454627651874,-0.39533375326961934,0.6435809618167997,-0.0859062682705446,-0.8665859024150626
1.0,-2.3987027756939954,1.0836482425747271,0.03788265640153307,-0.43985262622012433,-0.7548743859078918
2.0,-0.5201022952743695,0.455840325117959,-0.21808010810169837,-1.0647291405737602,0.5247229332767493
