1.0,-2.8938856987156885,-0.8042334038624641,0.1419531980515709,-0.8344648953454148,-0.2827990269557512
2.0,1.6261257887928189,-0.3233563057161581,0.38939597181888697,-0.4369210871182871,-0.5746899828806792
0.0,0.01351462756746464,-1.7963032901691869,0.14155719328896724,-0.7803114661988088,-0.5154525571299473
1.0,-1.2133385540742723,-0.1273568800425932,0.8374849126526333,0.6242104621441082,-0.8546135988051725
1.0,-0.820516199064759,1.6674182119397,-0.15453170926030296,1.0252786051309737,-0.8999948856817747
0.0,0.7148625674630275,-0.8767722736711907,0.7554082899150636,0.9484979315631683,0.2695104582505202
0.0,1.041918518246495,0.07808214270229373,0.03982582904615207,0.5229053480525686,0.6124316991554701
1.0,-1.2559805390821686,-0.011732326113571327,-2.061076501850214,-0.11967164409601203,-0.06605185693376138
2.0,1.520908260785075,0.8428378468311652,-1.6081379285729305,-0.8850939620370822,0.7880869142119272
0.0,-0.20455600762738627,-0.6125423303875505,0.35210747046623475,-1.0257342559016818,-0.5056180473543727
1.0,1.239875535237221,0.07442040539910412,-0.008233872222229748,1.337551032146329,0.9224755780415571
1.0,-0.26312756018095335,0.13394184917494215,-0.18136277066583273,-0.14264411635677007,-1.4235252910735412
1.0,-0.8251463548270095,0.2721334847355647,-0.831838174221259,-0.4296703555938923,-0.7613403314128321
2.0,-0.5226828742891413,1.3094077506954438,-0.9100688335734398,-0.026355051601533182,-0.9456132870063795
0.0,0.369460590170753,-0.8263871584821209,1.3922892527762991,-0.4507237668563922,-0.8040814144951063
2.0,1.598368585487721,-1.2566164713937282,0.14117980117579385,-0.2630597485449168,0.2490277727346585
2.0,-0.23624346967779736,-0.7636533437662656,-1.201037631719418,0.2254899798235113,-0.29227053807349124
0.0,-0.03722198970138945,1.4148065299179056,0.009402983363210321,-0.03013956123771068,-0.6271629357011357
1.0,-0.016123361041112137,-1.2649286814206544,-0.9698462953916345,-0.7795117370456862,0.5942857120909245
1.0,-0.5542235931549606,-1.3728017150152947,0.7362386795569854,0.9652842924824457,0.7913547346703218
0.0,1.169552360597201,1.1773533760631494,-1.1352101151435379,1.0384588489375342,-1.3348682664717757
2.0,-1.3875882664328791,-1.474329143461909,-0.08318452251240994,-0.5736940585365472,-0.05299337984022839
2.0,-0.26485660953893053,2.101714205263511,-0.6300054717732446,2.983240247714465,-0.5242798997125397
1.0,0.4254693982081541,2.5743725065939156,-0.4312766480894394,-1.2939410194636354,0.821090182410326
0.0,1.4687408721261273,0.30249856132971803,1.4619222577472306,1.1461403478159529,0.7341578290566662
0.0,-0.3486255344199692,-0.32930766739841283,-0.8511150631561875,0.5411291069493206,0.576880748796576
1.0,-1.2742381298972556,0.4973715478671234,1.209361500839622,0.4459919192900362,1.672634288216809
1.0,0.9401204913427362,0.8991468566462426,-1.1336090724446388,-0.08835929292790758,-0.040275439274773686
2.0,-1.1985663191033897,0.5878154816776007,0.45269534972874126,-0.8612845497996444,-0.4189478662269738
0.0,0.23857663584845776,0.9053303803437873,-1.0216575751066654,-0.6090097845815391,1.656787257084356
1.0,-0.41149757702590184,-1.3365272395365078,0.00827134771619258,-1.2660291319170296,0.5951561477353332
0.0,0.012222177284601544,0.3120457585953696,2.0938575181921224,1.0627776637446908,-0.8906728974597866
0.0,0.878522332835128,0.005879941064823279,0.2789594969391751,0.29863958732029905,-0.3898499687890205
1.0,1.6210628358394912,-0.35521691280026335,-0.13162526601012214,-0.596436364627772,0.06261679152764955
1.0,-0.00896360641204256,-0.4189071552814459,0.08324055237070879,-0.5199403791604532,-0.598056534006445
1.0,0.7015590094852507,2.0305738553785497,0.37137528465388786,0.21903965347136992,-1.5637217936164072
2.0,1.0937982182813217,-0.06012452142576512,0.2127045838236398,-0.9125792130551769,-0.09221269734686166
0.0,-0.7111177588042806,-0.6329308417784444,-0.14499539046360196,-1.0857072223620299,-0.10749865434533952
0.0,0.995394629022429,-1.4824266391681933,-0.4030330930793175,0.8491097119484984,0.868851821958819
0.0,-0.6802973744873883,0.20423845047392838,1.4422337914134067,-1.6583729602356028,-0.9878803283626328
0.0,-0.8158639432478689,1.3392852879126633,-1.0406143451604715,0.32705298212345546,-0.7119483050363868
2.0,-0.8452633727146175,-0.48079358073429324,1.2249630056063825,-1.8272116568412964,-0.9802310546182855
1.0,0.318865872037996,0.1909987339412835,-0.15433046299991274,-0.7545615734334715,0.030720295447776106
1.0,0.34167874377504515,-0.9814535818473056,0.546357885888987,-1.589361267167492,0.8244522953358996
2.0,0.22538196445374448,-0.24437377332416496,-0.26571789559909403,1.6926831237401776,1.6261106311659976
1.0,-0.10670559535353168,-1.1087239841859622,-2.2068395654334005,0.3992333287778774,0.3423865797106039
0.0,0.12144567175010544,1.4565936215691169,-0.6779962683633078,1.1502226401785656,-0.6710406800930191
2.0,-0.3179544071362086,-0.11846269823133183,0.7909697903076585,-0.9229570923383941,-0.7759773019357334
2.0,-0.5781869413970778,0.00033445956094830495,1.34161698203558,3.5712833364101484,-0.6176224401608966
1.0,0.27876534004325354,0.24869342607696387,-1.2547279907234838,0.3003495849399821,-0.014621259547263251
0.0,1.4471426931066411,-0.9856927289870184,0.1543168150481246,0.492352908122114,0.030925834303708724
2.0,-0.6270331551336549,1.5452899383088963,1.2359733131801613,3.908619609832803,1.0927952188338357
0.0,0.9860563510978518,0.3918909532994844,0.27971766567908163,0.40424486232709067,-1.035527858292373
2.0,-0.8413191300555856,1.8582605271116392,-0.5162859857605603,0.49149690096249543,-1.1118353559946599
2.0,0.1263275558928475,1.2512271444892042,0.3022136204542192,0.7674433069513049,1.4215149301973793
2.0,-0.3682975705720463,0.45627274260887984,0.4672988120456791,0.12657646941605843,-0.23773553500702826
2.0,-1.244274667498224,-0.22773396855203284,0.9322145340297283,-0.6520368608234873,-1.2727269158955634
2.0,-0.9076817248648463,-0.5956743567543541,1.1618819011401071,-0.21533911673717196,0.35972424752019383
0.0,2.2757052880049318,0.9537534064628622,0.5047370110392991,-1.2947516344266714,-0.3462207246441778
2.0,-0.9143410746043578,1.186055501676273,-0.2633727562433975,-0.21072820302508538,-0.43727704194416855
2.0,1.7099177214535617,0.8586614233746908,0.7921115170203578,-0.4558564003098834,1.1139387449137454
2.0,0.6845954422776033,-0.4201427253418536,0.08976668593217538,1.2116472083578633,0.18210160750202545
0.0,0.3527076439805222,-1.604127144230662,-1.199070973388108,1.7817312217778252,0.6444974792278765
2.0,0.10036765647120059,-1.02547821738927,-1.6959994046724962,0.7017942338380914,2.4420293981480015
0.0,-0.7412166112630829,0.33667456877303625,0.7730319180100808,-0.968864220414603,0.31824666483514535
1.0,0.12101521888690824,1.0151663650016653,0.5076519294278821,0.49833828106695927,-0.8961743492172238
2.0,0.6434502512833197,-0.30960021863211484,0.7296617141563823,1.2759040789477345,0.5385212088385127
1.0,1.2281184886096852,-0.3738843538208124,0.4784442695865898,0.36132945534012473,0.4447357350915874
1.0,1.4081155545780188,0.7053468302293991,1.887382395702423,1.0088092342688129,-0.8456911961946936
0.0,0.5786923447776603,-1.5408426657324579,-1.6231821815646947,0.8914239255023243,-0.07072997365237886
0.0,-0.20046152721185648,0.5864991155089063,0.9784268268656117,-0.26760815687672207,-0.8170107936923253
1.0,-0.5636836031138852,0.44198591926172487,-0.9000400150896614,0.08477118561587275,-1.7292528285125193
