1.0,1.9121225395788057,-0.12366085414365995,-1.4664309224164247,-0.9662504463670937,0.2435669551684836
2.0,0.30468189099629833,-1.1960576982280164,-0.3652825766557126,-1.2299192707288462,0.532278383689874
1.0,0.6591328747839628,-0.0843051818379407,0.42308755180614943,-1.0647390058084152,-0.1473539809349533
1.0,-0.14801348548746893,0.026802497658227745,1.3358363441002166,1.7370058562607782,-0.24301943165771578
0.0,1.307845830616238,0.32522303305449457,1.4606657004023478,-0.39626522587370977,-0.9230439001348925
0.0,1.647942387262637,0.02320389794754097,1.0253547780564265,-1.1465986795732042,0.2798981539648825
2.0,-2.6024610593980233,0.011505885904012069,0.25576012989179997,1.0784230199053961,1.0339300271135952
2.0,-1.0270665317314176,2.8734049159909287,-0.30787315977048896,0.12733166230009926,1.6894643245631493
0.0,0.22546090253694936,0.45813435128220326,0.9639660856544191,0.2179699036476664,0.17985001674306364
0.0,0.8905232259043804,-0.3097213980397546,0.2643874866648411,0.5244179043753171,-0.7421770472416684
1.0,-0.36758754544150796,-0.3867789882009823,-0.3971968662594012,-1.0065027776330215,-0.6638565848199997
0.0,1.584427601360546,-0.194717474493991,-0.6201264818527075,-0.6569536994306533,-0.19230439995696622
2.0,-0.6718747098369027,-1.2053672493398266,0.06757495963225389,-1.3716744611499878,0.776322565023758
2.0,0.8821252614611622,-0.7623536515684608,1.0067744421350149,0.134117328165999,-0.09765994668855828
0.0,-0.7520216382041904,0.3212293870349859,-0.513571814984039,-0.6827597933033793,0.07085280382647752
1.0,0.46409198276092833,-0.6936212900213208,-1.5291381827361215,-0.5947866723590064,0.22691579585397303
1.0,1.4596619518462697,-1.2068627023186198,-0.7047421418789517,-0.820050227780899,0.8430716970895892
0.0,-0.06309524321967866,-0.7930798811944523,0.5701218289826054,-1.684067945268761,-0.529376049637282
2.0,1.156134780633895,1.2602331098604693,-0.9519556926819942,-1.086042376384524,-0.4307805758639171
0.0,1.5724276511413644,0.3175806022313878,1.9215440670778894,-0.944166655662977,-0.6490720021157452
0.0,0.4556531763994573,-0.044519166508734505,0.6144411915850538,1.339157459256629,0.9721060509237794
1.0,-0.8744793120709541,0.24253197279240335,-0.9068170529964262,-1.3968398176883567,-0.8438033990630378
1.0,1.455326191448643,-0.009971552224390487,-0.13065090306106208,1.200454862429268,-0.05790601301918759
1.0,-0.8053774108089985,-0.886467871848569,0.17165436715382387,0.7890993922248173,-0.08934105340916589
2.0,0.4622341233117558,0.09111285161592829,0.5167259973292457,0.47138620581626073,-0.053229199886005094
1.0,0.1307587796162345,-0.09651623513443573,0.6323791591494047,0.3121608253250888,-1.0305646047040857
1.0,1.8543872228236427,-0.5027418156461728,-0.19841796397072256,1.0547817378867061,1.2491345826477178
0.0,-1.3282532504664866,-1.2461652747757979,0.7781582852364137,-0.5441963347180715,-0.4567523903806028
0.0,0.6175396079800213,-1.5437676026974207,0.7868538354417345,-0.6552528902792459,0.15012455490580962
1.0,1.0634406782776775,1.0107121964227934,0.060480300023876186,1.914261436776352,0.22666911120368347
2.0,0.615627343295085,0.3627327341544732,1.3327419556379954,2.2234622765997147,-0.5249886242760856
2.0,-1.5965929697876382,-1.8461486647991092,0.015958627943745095,-0.880642972896267,0.7355502450389346
1.0,-0.10319595954336333,1.4692629637046817,-1.921935632102554,0.3818963761611184,0.14148592529814827
2.0,-0.04485752504094094,0.9173809678148352,-0.6784092273042407,-0.6818216181844511,0.9280355763079569
2.0,-0.15867729005666922,-1.5002364985136016,0.7719234290707081,-0.6059242689937224,0.7189028729275819
0.0,-0.9857418768132035,-0.07791027686882263,-0.5804440209782715,-0.8716741002096356,0.0010656333576152513
0.0,-1.1420352677531815,-0.2610137450213233,-0.45993415198756066,0.027197448432131753,-0.19160244555520012
2.0,0.3285395579474327,-0.08833438699336302,-0.6570741308936886,-0.4016205263243076,-0.2561185519140331
0.0,1.0289971354440088,-0.26361635781195575,0.5578991896173585,-1.248240005705226,0.0762024804429623
0.0,0.6740913445390896,-0.33420063858435395,0.9935829996092232,-0.5132813207070219,-0.415022390915911
2.0,1.1472447423976457,-0.28881670091398937,-1.2048408493070295,0.31150185463051994,-0.07704173738943668
0.0,1.2083313615486468,-1.0158579434661452,-0.6055192004416954,0.47512026368522725,0.6031895292958712
0.0,0.4029458991032345,-0.6515735337016996,-0.08984249485359189,-2.062413916677931,-0.6365971849288964
2.0,-0.8190208766885664,1.811536521241716,0.6977394905759595,-0.8124152588948665,2.5612666276895095
1.0,-1.3047684073161225,2.0599956821663703,0.8310076337691329,-0.5029173869220465,6.066483926898755
1.0,-1.1893461439965969,-0.10330697175417607,-1.0567361716257402,-0.0018059094559625946,-0.8826436305951707
1.0,0.5488077091860055,-0.3802777822444632,0.725813313032455,-0.16973174254431908,-0.21161459833555585
1.0,0.2756889526847814,-0.08655393342165628,-0.1297128788920119,-0.5466087550006545,0.05276030719012087
2.0,2.337745735176288,-1.2526585634657939,-0.10810308332112012,-0.40693565628490524,0.5128013626580622
1.0,0.31174778965658934,-1.286908460953878,-0.22858068402518875,0.2601780695748756,-0.0629785023071392
0.0,-1.6418857758320236,-1.2228179336913352,-0.03933884974438743,0.3737750243241388,-0.46377882765259315
2.0,0.4427606613889331,0.3214204352837032,-0.34241149406173255,-0.9976283918379665,-0.8145436591844601
0.0,0.0032590368310070044,-0.6145429223388572,0.050022870304467185,0.14784023503322155,-0.06206087302913023
0.0,-0.2509510419302276,-0.9231925528220868,-0.4962975396208405,-0.2547235113235797,-0.572936625588168
0.0,0.2608594085195822,-0.05201665417942368,0.5428985350832086,0.26872537668897495,-0.2757730998844353
0.0,-0.10237915837905891,0.19120035731425356,-0.5225293128971131,-0.08574736631731487,-0.0055509556683750036
2.0,2.1264088578812173,0.743584234076667,1.4876666545281025,1.0218972240497626,0.6749813220202681
1.0,0.6054753673580423,0.014577529389378962,-0.33964013543171623,-0.24821870727130252,-0.26885500585677824
1.0,0.7862504753855598,-0.45640958249087993,0.5875782287722269,1.606644585259941,-0.3545979896437373
1.0,-0.009007110417589018,-0.14429190017641375,-0.7634078565300746,-0.5362283919729598,-0.07406647869125448
2.0,-0.9009772425352383,1.6730456110927208,-0.708050726549176,-0.0004179528134707152,-0.41170109368472035
2.0,-0.9481626714154385,1.2900075973044,-0.3403008922712312,0.3364476439614387,0.5509591615706265
2.0,-0.9630946339352955,0.8600648061612618,0.5410722565540541,-0.12750121455258626,4.208739392884333
2.0,-1.9549935524504827,-0.6025138518902727,2.619774203794408,-0.6805458877556577,-1.0028064397579661
1.0,-0.2086819909060073,1.0610108051460516,1.155198758512335,1.5493251687901257,-1.1715586566114073
2.0,-1.3046833571787078,0.7057308385753357,1.2106670827102666,-0.2567944128174515,-0.6317462921866347
2.0,-0.6457208582737417,-1.3164628712102138,-0.7972183716060108,1.7445789959075542,0.7400159236347731
2.0,-0.9311128528599107,-0.5656365502024499,-1.0674518436371927,0.8452645145727357,0.39935455638024686
1.0,-0.8513987584979131,1.5086505358560918,-0.5903758200522259,-0.31553076300991484,1.2443601617720956
0.0,1.9169403958064264,-1.3378214386736225,-1.03596381296962,-0.406339154020279,0.6567241117914248
1.0,1.0868370946547776,-0.03856018109122014,0.06813574422630975,-0.05184291888958673,-0.12513722812051042
