2.0,-3.2675761143333095,-0.3303082315577125,0.10934315642238822,0.4505993732145007,4.274703504487173
0.0,0.5686868759941376,0.3208374616078746,0.7889759149893756,-0.35352082971154986,-0.532216340793096
1.0,0.7306039493529535,0.014386713771658106,-0.6543293524383038,-0.8203623490013234,-0.5900988351287688
2.0,-0.11449364105082477,0.6651519240406717,1.9090403795276845,-0.6177170170630459,-0.5948927331653129
2.0,-0.6535597343246262,1.6121714219392913,0.24038831164077787,0.2513709631873851,3.256534288429085
0.0,-0.042735448507565416,-0.06918372890706848,-2.2517209270679595,0.18248670573461293,-0.724188117442541
0.0,0.48524678696191664,-0.21160818523940128,-1.1190146510304662,-0.33404561515780606,0.8632735857500803
2.0,0.7732985417086823,0.35328192587532703,-0.8912272101084118,-0.4565380022148223,-0.862841741623902
2.0,-0.08918573538382053,-2.2519790271618647,-0.49066052257270043,0.16517060467227607,0.2474991247199181
0.0,1.1284700002469366,-0.034388298137657904,-0.7388898197911158,-0.033282727825429244,0.0681010762029433
1.0,-0.40969302273618263,-1.1899283822986833,-0.051280495306104366,0.08482182878383382,-0.1736695534786354
0.0,2.0862537159120467,0.7986691809824958,1.2325942093754685,-1.5613334861035326,0.30813730233683634
1.0,0.22000699850047212,0.23942124898590078,0.995765365579506,0.47336808061278707,-0.7592251106404602
1.0,-0.3072945449789219,-0.17756494990968072,0.33631068980441586,2.7568361932759777,-0.27478531840542103
1.0,-1.0316652855103363,-1.1644468997532476,-0.11118376114027373,-1.248811878640499,-1.0238217694583012
2.0,-1.2254710108006979,-1.3973575046489364,0.5011858591375986,-1.1982294499896906,-0.49047093354043836
1.0,0.3560592865048211,0.02510267832841583,0.32596287065446755,2.3159383563621834,-0.33684397355404183
2.0,0.02788152089414532,-0.5597074239478826,-0.8616516083273216,-0.8996156952521734,2.0015142072594636
1.0,-1.2582511385132402,2.0063494483635065,-1.597685101180779,1.3943454613654311,-0.781739360683661
2.0,-1.0519632836329667,-0.029183172242929184,-1.1807084538747903,-1.122805277334671,0.14047170012323684
2.0,-0.7166791407115788,-0.5698265387413777,-0.6459654317733755,-0.8724333964393479,-0.298534060722823
2.0,-0.22682129327772793,0.23887845535006993,3.501449356038348,-2.2628472717087393,-0.5248823059818806
1.0,-0.7377510711509405,-1.645419243831072,0.1369996488113164,0.9429323743573255,0.04975969584182852
0.0,-0.28498461834458505,-2.4092315022852313,-1.3917295629228024,0.9693150642694347,1.0881270416864757
0.0,-1.595047125504882,-1.1847444815983361,0.8322605557988852,-2.702655660964497,-0.6133885972421399
0.0,1.2034765724480112,0.12718868228932767,-0.5120144029717034,0.04244680916655669,-0.7501546290444572
2.0,0.6948801094386178,0.18460893989537336,2.0557999024187583,-0.5676836073171935,2.2102482083819397
2.0,0.906463678345164,-1.0119488467518594,0.02326363929096307,0.8854685257486555,0.007982210132371877
1.0,0.2885625044313199,0.7835633867805685,-1.0816021115468049,2.0955441738209633,-0.639888947845959
1.0,0.1696803021869378,-1.194999455486398,1.0001858280796085,-0.15729832561848267,0.010071007445199493
1.0,0.6106722206949775,0.3263407370653639,-1.7925664289571832,-0.6729003221696888,-0.14706341294435807
0.0,0.790618525471021,0.3750021147186256,-1.070960589560355,0.33469331371897465,-0.006247107019623504
0.0,-0.4250121026966134,-0.09270919647769689,-0.5824166192854762,-0.34097275339790967,-1.2117010941092052
2.0,-0.5345065715530893,-0.031485202878674394,0.20904141710003718,-0.33441570582552294,-0.9955429028224271
2.0,-0.20142417256401085,0.9535910597984782,-0.12077383183275905,0.3640483340221636,-0.7829566002611065
2.0,0.07908242411591021,0.899064073519938,-0.8990472479917007,0.3021444526659648,-0.14440427372678483
0.0,-0.10843063628182137,1.5153304097891607,-2.0329240771760824,-0.24719612086315496,-0.5809812007709921
0.0,-0.4841121175813348,1.3163592781031275,-0.9721349978032857,-0.08376700199789898,-0.5481223327309834
1.0,-0.8398780949816128,-1.210157431874837,-0.200693317577357,0.9821663679588575,-0.47670388073770853
1.0,-0.22096723344113572,-1.2578452725939406,1.0555660611573856,-0.022239511794602273,0.1115217138998137
1.0,2.4430678039410356,-0.8101669435959793,-0.008114442488358133,-0.6441101093474724,-0.11144995461450914
2.0,-1.6676164550566335,-0.2516567305285976,0.3996065636755441,-0.10144406660534,1.2082946673037998
1.0,-1.2671246545508374,0.3227604601818004,0.9197151789438542,-0.31340856597709715,-0.46847278850915197
2.0,-0.3257350028341654,-0.3883146376382692,-1.1183252521726417,1.6562349433092995,-0.05043971444053979
2.0,1.9524695113602004,0.823652774831219,-0.12500912974051415,0.7613010841986785,0.8976691105286115
1.0,1.0330830519104308,0.430204405932687,-0.07906654588561146,-0.35223348729609205,0.03354068685154552
1.0,0.3063312871664601,-0.7003081904486197,-0.17672880166669336,-0.48873428870172986,-0.08979107029842363
0.0,0.7836295202743838,0.1411562619892465,-0.49239649156845977,-0.9272587095627658,-0.43056966205484015
0.0,-1.7647015150415706,1.265616014360532,0.11252733115252954,0.6503729961469535,3.2250228847740985
1.0,-0.11367483617414094,0.15426044326090826,-0.5510417357019923,0.9934556902083254,-0.026691229266555032
0.0,-1.4192037929044339,-1.6448305676258894,-0.48833461863801053,0.8757177755759755,0.7225791862861582
2.0,-0.9685297397195463,0.3907154624557274,1.2131611917469254,0.6866149613481041,0.7659079691348339
1.0,-0.007536389701813451,-0.9895672848150331,-0.7662967805348349,0.707317911142957,-0.19957526320673563
0.0,0.12814457976987964,0.35885500688210875,0.42021600566580886,-0.5672779572770624,-0.7156465140558378
0.0,0.019664688158620595,-0.8733100646690983,1.6151061979281116,-0.08064934372254641,-0.14563279570519602
0.0,-0.7667129281238796,1.5816540642120673,-0.19347332943371898,1.0346268112881574,-1.1100264191633962
2.0,-0.269899442893376,-0.3297676996089157,0.2639374442652332,0.14822306325819118,-0.7144867002410223
2.0,1.1408791782449297,-0.522998999679485,-0.4676270278090846,-1.3432081930972324,1.8108298852160232
0.0,0.16171585531009736,0.49400466630803447,0.9943920862306617,1.5942337504078457,0.22149157820679125
0.0,1.2749122287651429,-0.11392071354777168,0.6098329881197843,0.8018564236988912,1.6597072231590575
1.0,-0.00267004745834645,-1.269503260776051,0.3431475116213727,-0.34448023800698685,0.5826271224447478
1.0,0.13876785479366682,-0.8282174819122369,0.011598945922198468,1.7879354795022608,-0.4688904013226926
2.0,0.4564325258551077,-0.6274060568378599,-0.5443249123278543,-0.5045519724231808,-0.5932794031185312
1.0,1.155097501870605,1.7920891542524549,0.8582067541153653,-0.43682841397538735,-0.16902233774519604
1.0,-0.8367599665381703,1.328490043755814,-0.9090992164918631,0.24811814736883767,-0.48068259433510174
2.0,0.2612043255547172,-1.6047833053808833,0.18435530507445871,2.378603330508402,1.6080425526990305
0.0,0.6524231541554126,-0.8471148474628286,-0.4485713353625461,-0.24410619155161065,0.24834371757163096
1.0,0.6932537580173922,-0.7400127494228468,-0.3144774729467624,-0.842537490416534,-0.26012571044495686
0.0,1.084050619527168,0.43257112800622816,-0.5631893589915274,0.28125854414325996,-0.05399367267741494
2.0,-1.6934100600705233,-0.4686714034969218,-1.6322965852829099,-1.287634017571082,0.05409557697450827
0.0,-0.46803423339921113,0.421732990946635,0.5142257619975882,-0.29846101979396406,-1.3265742878729414
