0.0,-1.0007492007721444,-0.7451381180252494,-0.3626042259903702,1.0075958524873574,-0.9588573417211383
1.0,-2.233562023130821,0.47624814304485835,-1.6730859277930905,-1.0107938772205378,-1.1587555109694019
2.0,0.30464523961820905,0.23732859041864374,0.20406727143746822,-1.3742701668904616,-0.8959709138272887
0.0,1.9281504982172826,-0.04268813680430948,0.41775448586073105,0.6063502916252569,-0.007573245979353424
2.0,-1.5407845819038426,-1.803061943177643,-0.5196207533356564,-0.8286015707638547,-0.2254497149982818
2.0,-0.8360241276422242,0.8032615934010858,-0.8491370633912032,-0.5082745772637471,0.05372044943022692
1.0,-0.20524130348724776,-0.14663808802753944,0.40537979486271347,0.16594125085531258,-1.272061134378399
0.0,-0.15277217248976577,0.573739444601909,-0.3115811149298509,-0.47509706441371374,-1.1713776262687305
0.0,-1.704267819599563,2.609357605619826,0.942769807357136,1.722584971008118,2.1561665360214928
1.0,-1.063986739949369,-0.6932695386629067,-0.477227869755276,0.03012884333955246,-0.5684193120943062
1.0,-1.691999880294988,-1.1196399098002703,0.9941042109285105,-2.7359643722124254,2.157570919704269
2.0,0.7852723100122063,-1.5594067425334832,0.3270385658097875,1.0354648953063676,0.517518006920004
2.0,0.7097512960227705,-0.008324610368231403,-0.19855539855393106,0.1850605242031732,0.15596972854826213
0.0,-2.0037901487535876,-1.0548965918065931,0.8353884134249183,-1.1337101965237162,-1.0585230139512996
0.0,0.31056214930741943,0.45122643799761886,1.7188441887094588,1.6735215171940916,0.22908409555876286
0.0,0.17107548624133215,0.051880860068017357,0.6330081505950996,0.426999550625307,-0.5498763512445299
2.0,-0.090016935342957,-1.3271646628803022,-2.134736038258693,-0.3376039194090314,0.6753297980319329
2.0,-0.5788159431480696,0.8703276951384601,-0.1705884133980022,0.5704738239353528,0.2196182901532597
1.0,-1.620378135589379,-0.8199249415942569,-0.8399894969914837,0.09864827843093384,0.12558731576379842
2.0,-0.7283681331308411,-1.2004786694221508,-0.24923136726002618,-2.531285267004225,0.07108672987511543
1.0,1.4040506911057837,-0.9462507990942455,-0.07770042382608737,-0.5607039146172436,-0.11331716929975051
0.0,0.5835363718971083,1.276447195743244,-1.005094523512637,0.3110970447183411,-0.8394279771577403
2.0,-1.4329829682828732,-0.4501388798260181,1.6106727695257992,-0.09869367443526098,-0.5841020920286755
0.0,0.9109532478322308,-0.5149983133659527,0.4926765212714406,-0.8970891389122198,-0.11637967041263798
0.0,0.12481871887884627,-1.0837505986960319,0.6438039787754206,-1.9604112738135384,0.5614434105494641
0.0,-0.24769772094731507,-0.2786925477771045,-0.09525098475776579,0.8918020793596103,0.09151465310999252
1.0,1.369768666003701,-0.23805860220449704,0.09627398977025461,-0.29110701586587484,1.1025851918751772
2.0,-0.1612772440971118,-0.5529656309602731,2.068838827859849,-0.33459320566350126,-0.8657435994489889
1.0,1.0601775902778194,0.9599426708004996,0.21722362600294534,0.09116036394888673,0.21798725801727903
2.0,-0.5569770856461328,-1.3920895844889138,-0.9165303983385326,0.5869047662265332,0.1797642851456424
0.0,1.064070410319619,-0.12819848887087001,0.3016941495181856,-0.7525162498726341,-0.03420358865383633
2.0,0.12754638978753793,0.6485941191307711,0.48586555734005044,-0.3131667506697447,-0.816391382484067
0.0,1.7785576201398876,0.12126132433115674,0.805428689236695,-1.388675577369045,-0.26220502677069096
2.0,0.03334155997138316,-0.7975040238412752,0.12842059795804547,0.9334133511299704,0.5262180500523225
0.0,-0.47476024631723307,-0.9168854476555842,2.3642900941771168,0.676876788250837,-0.9935319269588666
0.0,-1.5249354770062569,0.23223053880936673,0.7871318569775101,-0.875409631218442,-1.2962764646142524
0.0,1.5667324169960315,-0.3659783191645688,-0.24499973850916115,1.0819522531533121,0.12579438788525774
1.0,1.5472512719379046,0.012975922248831394,-0.762798510681917,-0.67326956267968,-0.43141763673118755
1.0,-0.35902062155331305,-0.990958648702378,-1.211840644219062,-0.2603294938689966,0.21385695306836255
0.0,-0.8487087415974885,-0.6019232835981011,0.9211597087169586,-0.7152592200574173,-0.0912870140956709
2.0,0.23972406304025531,0.3990858891065682,-0.45657542256039196,0.7050799228847593,0.45829869039468435
1.0,0.4065125368654508,0.47926878211975654,0.7407494967391851,-0.4012059411359667,0.8803818794959195
2.0,0.8471583776538765,0.6404985147463774,-0.33763355649587845,-0.4128796198287853,0.11130717834915897
0.0,0.051234419664095955,-0.07515924547199045,0.11925004151394188,0.44232378090986013,-0.41245450172472076
1.0,0.7498318124139796,-0.2790092285979798,1.1619440767768823,1.801346565545284,1.385861318411385
1.0,-0.21220733700382222,-1.1659662725306466,0.03636804194664223,-0.7330816030472728,0.1215881396971416
2.0,0.08714404924093305,-0.27067517503593247,-0.46238164470587834,0.6788839196796788,-0.6397181676241023
1.0,0.12855084918924148,1.1435460240716173,-1.526957038940709,0.3148785687921599,2.42975445258431
1.0,-1.0905870772634625,1.2208880682704413,-3.0838607367478796,0.5996883224742318,1.5082098587985282
0.0,0.5776315426784968,0.4392228626200163,-0.5811979265235724,0.024197394922426792,-0.353170464795382
2.0,0.13506435745686649,0.759770190291835,-0.6240584541285709,0.43260023866211916,-0.20834238517615
0.0,-0.34410280305325913,-1.0014268807005045,-0.5534304482119524,-0.15254731647672853,-0.7991639677433994
0.0,0.06835156199161305,-0.7166645011797284,0.8469870453093704,-0.03675176401719534,-0.20455865195972153
1.0,-0.014644676175975018,0.7163861358166453,-0.2773916289082434,-0.517576400330241,-0.9884561989294635
1.0,-1.360747388890123,0.1095173278712049,-0.21713193413934315,-0.11501640776925598,-0.6090616978449064
2.0,-0.7650229995511033,-2.154636399225219,0.02240947487104397,-0.43852141741232226,0.22987498213201044
0.0,-0.5800609109954383,0.36572613402264104,0.8122553643862636,-1.1904606909962725,-1.542947747407434
2.0,-1.6465526804745634,1.4251625511467192,1.12730086880475,-0.289293725205155,5.36451671306717
1.0,0.4346746226952811,-0.08136086081258241,0.8370409145999627,0.25282685931645654,0.06943411769173435
2.0,0.39227128224558155,-0.11911692502260601,1.3407528693235442,0.5237735906647407,-1.336799572492461
1.0,-2.558440983811742,0.9807431182126347,2.645819205918743,-1.2985076277932042,-0.13532649923597997
0.0,-0.8594331993836339,0.24063409143352246,-0.2597556900527165,-1.121745421793931,-0.4836664136573317
2.0,0.6609177908252728,-0.5271680769909289,-0.26982490379947377,-1.8279366227967822,-0.0566336388558138
0.0,0.39992765320854495,-0.10538409040136164,0.6727313816625821,-0.08577114525877795,-1.1340927922846311
2.0,-0.4985947803991892,0.22431246915372638,-0.9957851392461142,0.973121837807258,-0.37379818469206544
2.0,0.6517595834789516,0.3167043454246846,-1.4797403923915282,1.6133888173037236,-0.06673153094833369
1.0,-0.20282913981538372,-0.46139794801749895,1.6405910668200983,1.3417724214005873,0.21629953519095746
1.0,0.10279610810085486,1.439464953744149,-1.3845996956365298,-1.23167661133512,-1.0256862848901143
2.0,0.1115899579436175,0.8878665253805618,1.3828215410948055,-0.9751175338395704,0.9402839767665623
1.0,1.9284530985950017,-0.8075224949692238,0.30287063142731074,-1.363578598150209,1.3790171656917334
1.0,0.8184533363430354,-0.2625145382260571,0.5112145824452672,0.6102858432303346,0.18797686945524186
