1.0,-0.10848012667108028,-0.07159564599000595,0.14853449646409514,-1.8355884282750747,0.14092923512470124
2.0,-0.6743049246112933,-0.8019087513068369,-1.8333483066810101,-1.1184541909726153,-0.13630355265203267
1.0,0.16849187565361723,-0.49892744328859984,-0.5070762249371333,-0.6086726648357745,-0.32992779075289147
1.0,-0.34965713243616997,-0.8138259887424888,1.2855773848065848,0.7446470772707049,-0.4772552012344293
0.0,0.9107141973747197,1.0693032776462459,2.489037821468947,1.0947701728489636,-1.0488325906711524
1.0,-0.29569395699126827,0.07825606765198637,0.03097603323540803,0.5861244081352561,-0.6386470006905576
2.0,-1.4848482713835367,-0.7003795937700651,0.37718609683751464,0.8660198090442887,0.2363796863854643
1.0,0.5055460691638183,0.4592728250776075,0.07153230368286119,2.4069754562034342,0.4911855744722684
0.0,1.189281756915084,0.10690961808279574,0.2279302419877757,0.2937018273278349,-0.7478094255858916
0.0,-1.0837958795364713,-0.5545391761683958,-1.1848217185876067,0.7650805672022077,-0.6297674992808445
1.0,-1.1222569631089991,-0.41300810139699784,-0.973839169461617,0.08426690486607646,0.11575211354728611
0.0,-0.6898295340291285,1.8216009708340155,2.024084651375333,0.7761125324188243,-0.9543438703177708
2.0,1.6595799569982619,0.24621251890772275,-1.47410067140222,-0.7037359184516435,-0.33626487399150534
2.0,-0.1528782408403924,-0.4720663456313623,-0.19641711661462208,-0.5996001592930849,0.019368481943876293
0.0,0.1720204998920404,-0.5781475022381488,-0.12948804720322568,0.7716152914495147,-0.2320072696400502
1.0,0.7257510854307957,-1.06152973275357,-0.38251482709244977,0.13190096976783755,-0.32475435897643756
1.0,-1.142092403856248,0.34650005380496873,-0.5559581804220733,0.2770013260682535,1.294325100256965
0.0,-0.46737809074832865,-0.6985277320349694,-1.4590656450758661,-0.4875649025267748,1.2960160460603218
2.0,0.7709695258786567,0.047889817197868605,-0.7633085471608945,-0.9476464758460424,-0.6306444881501334
0.0,-0.07928464443867377,-1.3539794760843653,0.9704037271952889,-1.2617169117875762,0.3779696863124166
0.0,0.8974529074334681,-0.24982962504201456,0.09393877443025618,-0.9777482249180128,0.33569035053406615
1.0,0.1296572697143366,0.49924086931907163,-1.7396040193345257,-0.18901071803046265,-0.856711339334998
1.0,-0.1775292563244419,-0.3747005364619353,-1.9822554443492175,-0.8291559357652941,-0.7255010097417299
1.0,-0.006349352330902551,0.2994634870583559,1.018290480756381,0.4496023301284684,-0.15909707041327234
2.0,-0.9853403878123131,-0.11827504795466537,0.1831348952223382,1.274427962149855,0.4190234606762817
1.0,-0.804756605303587,-0.36890345970309124,0.15689665559834917,-0.19259787408337917,1.8981049342555778
2.0,0.9884102333055922,-0.45163818819973006,-1.329213785188261,-0.607486080937913,0.43297903308599434
0.0,0.5892305928968016,0.016330077633219416,-0.11582497799365102,1.0742939144203667,0.3288272483749722
0.0,0.9654597746133151,1.0728071454203854,-0.454830178045866,0.4158716582173805,-0.21396136648434597
1.0,-0.9143657686473609,0.36251242279046236,-0.4838458239809658,-0.1437105814011341,-0.4665165514657857
2.0,-2.0808638907711536,1.4239215312625348,0.23933619170689308,-0.687587761721517,0.2615473249203765
2.0,-2.0084803121060775,-0.09825765935525661,1.101851150292734,0.9809571388193977,1.1834243054936442
0.0,0.5813257095039713,-0.819758307504856,0.5612487507321955,0.5880100406833096,0.14577344074690693
2.0,-0.423322074049769,0.5736984928314542,1.2969817605645266,-0.4828107829280694,-0.224079305797656
2.0,-0.43057910879853367,-1.0968332112400176,-1.1064233531175405,-0.6580584990781553,0.3675039961895515
0.0,-0.4774510904790165,-0.0401058231875556,-0.13973048530682378,0.880556828047048,0.228983720257235
0.0,1.694804543853554,-0.9447069499805388,0.0011354361276629834,-0.18441471532555803,-0.14606243636269536
2.0,-2.4569891747876103,0.23886425057590868,0.9868591069781519,-0.8145329140391955,0.4346445986102731
0.0,0.5346340352915631,0.35802102895529453,-0.4908078893124169,1.1000436288249806,-1.0395584411374734
1.0,-0.04423919261426488,-0.31285832740345776,0.6200116712623254,0.9847971039131141,-0.14879254016934595
2.0,0.2632711833692356,-0.2230181419648699,-0.3504305932846441,-0.8992075918501138,0.4224528585277638
0.0,0.12261217772846732,0.2367135282320689,0.9744287530128286,-0.8797482340265702,-0.15468034501481706
0.0,0.5060035835302519,-0.27743600611221075,0.45561490587591125,0.7815443951648251,-0.6933919484803613
2.0,-2.2071906707206974,-0.16089447570150198,2.032638793730456,-0.22113015925108254,-0.2261287297095986
1.0,1.8706180371055414,-0.6408977328774887,0.32860520272383376,0.6034466023098674,0.8731045744744717
1.0,0.949081846828212,-0.503664168065291,0.017384141627316118,0.03132831233380673,-0.9128427620562755
1.0,-0.9229518432988217,0.8009444565627641,-0.041710190843916285,-0.3216612871906451,-0.6355101192987435
0.0,0.7079992301401433,0.3700840951671456,1.6945837825012648,-0.568780534478879,-1.3122747633204825
2.0,0.15465476860679941,-0.0957048903718603,-0.9255801673584706,-0.21738480886366562,-0.6446327946769733
1.0,0.7781507976489873,-0.5764528292143063,0.7618645173079996,0.8719191663215562,-0.10846954539836107
0.0,0.3035017611118201,1.3544404457308017,1.2428190325575097,-1.9700323092766239,-0.8892781631989178
2.0,-1.6319024173658534,-0.23689779058711113,1.490348365630494,-1.7515658870081774,-0.06671609832731792
0.0,-0.886049863577885,-0.6943885799537259,-0.7437939097509347,-2.471661055003206,-0.2602218262000276
0.0,-0.4759427333575799,-0.8755272983067812,-0.965665808377762,-0.42247632767059656,-0.06106528192734576
0.0,-1.186188730190667,1.1357856222421903,2.028191533455995,-3.4115807130251388,-1.7313696872638498
0.0,-0.2624345912190099,-1.7505673474008976,-0.1755577835076105,-0.3537352857129041,-0.25906703552939564
1.0,0.9492918652219178,-2.4067728594942,0.1694542098506567,-0.0142409493963652,1.012276938962872
1.0,-1.182105547773631,0.4952922482720125,-1.4604076033057256,0.21655452907567763,-0.6399717805992542
1.0,0.10553107798402019,-0.8279476654378564,1.1536872361794566,-1.5500222369498593,0.7788160961470285
1.0,0.7246924225831056,-0.7003438793583988,1.5214250861209866,0.3698507712521012,-0.002094474509940393
2.0,-1.2279127542154051,0.9263459652151607,0.43051781989316634,2.2258212894114275,3.7924058903509072
2.0,-0.5924238129356432,3.450395926059217,-1.111429936731153,-0.9513987002940975,-0.35330639248571155
2.0,0.5047735478309868,0.874331880863808,-0.6493651799150524,-0.6387968712393194,-0.11270652675593068
2.0,-0.5020557986332915,0.5709080894926765,-1.076587391591936,0.24645411044298085,-0.47507994146601484
2.0,-0.9500812745195923,-1.8089823426711975,0.7385086685076481,-0.07471262095398001,0.2217208166596963
1.0,0.6521982316436861,1.166523483882879,-2.803390351029683,-1.0230418769965814,-0.29309227612335603
2.0,-0.620653555609149,0.4640423101758208,0.8596283859273336,0.13872120766029464,-0.857754105427946
2.0,0.09901412314819062,0.17034050415880397,-1.5627739706964763,-0.41833945851491505,1.5157108121770253
2.0,-0.8335923711473014,0.19545544000268353,-0.06515307830809994,-0.6886559055077356,1.617309584387245
1.0,0.6174260388332937,-0.03931383493534868,0.8951661860094007,1.207182013062665,-0.6756250346468681
0.0,-0.15517475080294113,0.7144697554280667,-0.6710103912079561,-0.4056981990323162,-0.6641112199729695
0.0,0.3756840568197724,0.4310391747235927,2.011843579024762,-0.23885004887115113,0.24036094982572126
